2019-03-18 09:21:30,698:INFO: Loading the datasets...
2019-03-18 09:21:30,869:INFO: loading vocabulary file https://s3.amazonaws.com/models.huggingface.co/bert/bert-base-cased-vocab.txt from cache at /home/msingh9/.pytorch_pretrained_bert/5e8a2b4893d13790ed4150ca1906be5f7a03d6c4ddf62296c383f6db42814db2.e13dbb970cb325137104fb2e5f36fe865f27746c6b526f6352861b1980eb80b1
2019-03-18 09:21:31,320:INFO: - done.
2019-03-18 09:21:37,577:INFO: learning_rate => 0.001
2019-03-18 09:21:37,577:INFO: batch_size => 64
2019-03-18 09:21:37,577:INFO: defm_dropout_rate => 0.5
2019-03-18 09:21:37,577:INFO: Starting training for 40 epoch(s)
2019-03-18 09:21:37,577:INFO: Epoch 1/40
2019-03-18 09:21:43,790:INFO: - Train metrics: tp: 1.818 ; fn: 5.727 ; fp: 1.364 ; loss: 0.313 ; accuracy: 0.889
2019-03-18 09:21:44,445:INFO: - Eval metrics : accuracy: 0.904 ; f1score: 0.517 ; loss: 0.247 ; precision: 0.668 ; recall: 0.422
2019-03-18 09:21:44,585:INFO: - Found new best accuracy
2019-03-18 09:21:44,585:INFO: Epoch 2/40
2019-03-18 09:21:50,658:INFO: - Train metrics: tp: 3.091 ; fn: 4.455 ; fp: 1.182 ; loss: 0.243 ; accuracy: 0.912
2019-03-18 09:21:51,306:INFO: - Eval metrics : accuracy: 0.906 ; f1score: 0.533 ; loss: 0.242 ; precision: 0.672 ; recall: 0.442
2019-03-18 09:21:51,804:INFO: - Found new best accuracy
2019-03-18 09:21:51,804:INFO: Epoch 3/40
2019-03-18 09:21:57,875:INFO: - Train metrics: tp: 2.909 ; fn: 4.636 ; fp: 0.727 ; loss: 0.237 ; accuracy: 0.916
2019-03-18 09:21:58,517:INFO: - Eval metrics : accuracy: 0.907 ; f1score: 0.564 ; loss: 0.234 ; precision: 0.664 ; recall: 0.490
2019-03-18 09:21:59,015:INFO: - Found new best accuracy
2019-03-18 09:21:59,015:INFO: Epoch 4/40
2019-03-18 09:22:05,088:INFO: - Train metrics: tp: 3.545 ; fn: 4.000 ; fp: 0.909 ; loss: 0.217 ; accuracy: 0.923
2019-03-18 09:22:05,746:INFO: - Eval metrics : accuracy: 0.908 ; f1score: 0.584 ; loss: 0.231 ; precision: 0.656 ; recall: 0.526
2019-03-18 09:22:06,255:INFO: - Found new best accuracy
2019-03-18 09:22:06,255:INFO: Epoch 5/40
2019-03-18 09:22:12,359:INFO: - Train metrics: tp: 3.636 ; fn: 3.909 ; fp: 1.182 ; loss: 0.216 ; accuracy: 0.920
2019-03-18 09:22:13,011:INFO: - Eval metrics : accuracy: 0.906 ; f1score: 0.586 ; loss: 0.234 ; precision: 0.634 ; recall: 0.544
2019-03-18 09:22:13,519:INFO: - Found new best accuracy
2019-03-18 09:22:13,519:INFO: Epoch 6/40
2019-03-18 09:22:19,618:INFO: - Train metrics: tp: 4.273 ; fn: 3.273 ; fp: 1.273 ; loss: 0.188 ; accuracy: 0.929
2019-03-18 09:22:20,269:INFO: - Eval metrics : accuracy: 0.907 ; f1score: 0.568 ; loss: 0.232 ; precision: 0.657 ; recall: 0.500
2019-03-18 09:22:20,591:INFO: Epoch 7/40
2019-03-18 09:22:26,716:INFO: - Train metrics: tp: 4.182 ; fn: 3.364 ; fp: 1.455 ; loss: 0.200 ; accuracy: 0.925
2019-03-18 09:22:27,363:INFO: - Eval metrics : accuracy: 0.908 ; f1score: 0.583 ; loss: 0.238 ; precision: 0.653 ; recall: 0.526
2019-03-18 09:22:27,685:INFO: Epoch 8/40
2019-03-18 09:22:33,745:INFO: - Train metrics: tp: 3.818 ; fn: 3.727 ; fp: 1.091 ; loss: 0.185 ; accuracy: 0.925
2019-03-18 09:22:34,393:INFO: - Eval metrics : accuracy: 0.905 ; f1score: 0.591 ; loss: 0.238 ; precision: 0.619 ; recall: 0.566
2019-03-18 09:22:34,875:INFO: - Found new best accuracy
2019-03-18 09:22:34,875:INFO: Epoch 9/40
2019-03-18 09:22:40,986:INFO: - Train metrics: tp: 4.727 ; fn: 2.818 ; fp: 1.273 ; loss: 0.166 ; accuracy: 0.936
2019-03-18 09:22:41,637:INFO: - Eval metrics : accuracy: 0.906 ; f1score: 0.590 ; loss: 0.243 ; precision: 0.632 ; recall: 0.553
2019-03-18 09:22:41,958:INFO: Epoch 10/40
2019-03-18 09:22:48,047:INFO: - Train metrics: tp: 4.091 ; fn: 3.455 ; fp: 1.545 ; loss: 0.187 ; accuracy: 0.922
2019-03-18 09:22:48,692:INFO: - Eval metrics : accuracy: 0.905 ; f1score: 0.593 ; loss: 0.243 ; precision: 0.621 ; recall: 0.568
2019-03-18 09:22:49,191:INFO: - Found new best accuracy
2019-03-18 09:22:49,192:INFO: Epoch 11/40
2019-03-18 09:22:55,330:INFO: - Train metrics: tp: 4.909 ; fn: 2.636 ; fp: 1.000 ; loss: 0.168 ; accuracy: 0.943
2019-03-18 09:22:55,980:INFO: - Eval metrics : accuracy: 0.900 ; f1score: 0.592 ; loss: 0.258 ; precision: 0.592 ; recall: 0.592
2019-03-18 09:22:56,297:INFO: Epoch 12/40
2019-03-18 09:23:02,344:INFO: - Train metrics: tp: 4.727 ; fn: 2.818 ; fp: 1.727 ; loss: 0.181 ; accuracy: 0.929
2019-03-18 09:23:02,993:INFO: - Eval metrics : accuracy: 0.899 ; f1score: 0.594 ; loss: 0.256 ; precision: 0.581 ; recall: 0.608
2019-03-18 09:23:03,492:INFO: - Found new best accuracy
2019-03-18 09:23:03,492:INFO: Epoch 13/40
2019-03-18 09:23:09,638:INFO: - Train metrics: tp: 4.727 ; fn: 2.818 ; fp: 1.455 ; loss: 0.162 ; accuracy: 0.933
2019-03-18 09:23:10,289:INFO: - Eval metrics : accuracy: 0.901 ; f1score: 0.588 ; loss: 0.260 ; precision: 0.600 ; recall: 0.577
2019-03-18 09:23:10,614:INFO: Epoch 14/40
2019-03-18 09:23:16,844:INFO: - Train metrics: tp: 5.091 ; fn: 2.455 ; fp: 2.000 ; loss: 0.157 ; accuracy: 0.930
2019-03-18 09:23:17,489:INFO: - Eval metrics : accuracy: 0.901 ; f1score: 0.589 ; loss: 0.263 ; precision: 0.598 ; recall: 0.580
2019-03-18 09:23:17,858:INFO: Epoch 15/40
2019-03-18 09:23:23,952:INFO: - Train metrics: tp: 5.273 ; fn: 2.273 ; fp: 1.091 ; loss: 0.145 ; accuracy: 0.947
2019-03-18 09:23:24,604:INFO: - Eval metrics : accuracy: 0.900 ; f1score: 0.585 ; loss: 0.277 ; precision: 0.590 ; recall: 0.579
2019-03-18 09:23:24,927:INFO: Epoch 16/40
2019-03-18 09:23:31,028:INFO: - Train metrics: tp: 4.909 ; fn: 2.636 ; fp: 1.636 ; loss: 0.171 ; accuracy: 0.933
2019-03-18 09:23:31,677:INFO: - Eval metrics : accuracy: 0.902 ; f1score: 0.592 ; loss: 0.268 ; precision: 0.600 ; recall: 0.584
2019-03-18 09:23:31,994:INFO: Epoch 17/40
2019-03-18 09:23:38,097:INFO: - Train metrics: tp: 5.273 ; fn: 2.273 ; fp: 1.636 ; loss: 0.149 ; accuracy: 0.939
2019-03-18 09:23:38,748:INFO: - Eval metrics : accuracy: 0.903 ; f1score: 0.592 ; loss: 0.271 ; precision: 0.607 ; recall: 0.578
2019-03-18 09:23:39,107:INFO: Epoch 18/40
2019-03-18 09:23:45,157:INFO: - Train metrics: tp: 4.818 ; fn: 2.727 ; fp: 1.273 ; loss: 0.152 ; accuracy: 0.938
2019-03-18 09:23:45,800:INFO: - Eval metrics : accuracy: 0.902 ; f1score: 0.573 ; loss: 0.274 ; precision: 0.609 ; recall: 0.541
2019-03-18 09:23:46,116:INFO: Epoch 19/40
2019-03-18 09:23:52,203:INFO: - Train metrics: tp: 5.636 ; fn: 1.909 ; fp: 1.455 ; loss: 0.140 ; accuracy: 0.947
2019-03-18 09:23:52,856:INFO: - Eval metrics : accuracy: 0.903 ; f1score: 0.584 ; loss: 0.282 ; precision: 0.616 ; recall: 0.554
2019-03-18 09:23:53,174:INFO: Epoch 20/40
2019-03-18 09:23:59,250:INFO: - Train metrics: tp: 4.636 ; fn: 2.909 ; fp: 1.545 ; loss: 0.163 ; accuracy: 0.930
2019-03-18 09:23:59,893:INFO: - Eval metrics : accuracy: 0.904 ; f1score: 0.579 ; loss: 0.296 ; precision: 0.625 ; recall: 0.539
2019-03-18 09:24:00,205:INFO: Epoch 21/40
2019-03-18 09:24:06,308:INFO: - Train metrics: tp: 5.273 ; fn: 2.273 ; fp: 1.091 ; loss: 0.145 ; accuracy: 0.947
2019-03-18 09:24:06,971:INFO: - Eval metrics : accuracy: 0.897 ; f1score: 0.583 ; loss: 0.287 ; precision: 0.575 ; recall: 0.592
2019-03-18 09:24:07,287:INFO: Epoch 22/40
2019-03-18 09:24:13,418:INFO: - Train metrics: tp: 5.545 ; fn: 2.000 ; fp: 1.545 ; loss: 0.149 ; accuracy: 0.945
2019-03-18 09:24:14,083:INFO: - Eval metrics : accuracy: 0.904 ; f1score: 0.583 ; loss: 0.278 ; precision: 0.617 ; recall: 0.553
2019-03-18 09:24:14,401:INFO: Epoch 23/40
2019-03-18 09:24:20,484:INFO: - Train metrics: tp: 6.000 ; fn: 1.545 ; fp: 1.182 ; loss: 0.128 ; accuracy: 0.957
2019-03-18 09:24:21,129:INFO: - Eval metrics : accuracy: 0.897 ; f1score: 0.592 ; loss: 0.303 ; precision: 0.574 ; recall: 0.612
2019-03-18 09:24:21,446:INFO: Epoch 24/40
2019-03-18 09:24:27,572:INFO: - Train metrics: tp: 5.727 ; fn: 1.818 ; fp: 1.455 ; loss: 0.140 ; accuracy: 0.949
2019-03-18 09:24:28,218:INFO: - Eval metrics : accuracy: 0.899 ; f1score: 0.588 ; loss: 0.304 ; precision: 0.584 ; recall: 0.593
2019-03-18 09:24:28,548:INFO: Epoch 25/40
2019-03-18 09:24:34,632:INFO: - Train metrics: tp: 5.091 ; fn: 2.455 ; fp: 1.364 ; loss: 0.143 ; accuracy: 0.940
2019-03-18 09:24:35,292:INFO: - Eval metrics : accuracy: 0.900 ; f1score: 0.584 ; loss: 0.286 ; precision: 0.594 ; recall: 0.575
2019-03-18 09:24:35,605:INFO: Epoch 26/40
2019-03-18 09:24:41,692:INFO: - Train metrics: tp: 5.364 ; fn: 2.182 ; fp: 1.364 ; loss: 0.142 ; accuracy: 0.945
2019-03-18 09:24:42,338:INFO: - Eval metrics : accuracy: 0.900 ; f1score: 0.588 ; loss: 0.297 ; precision: 0.593 ; recall: 0.583
2019-03-18 09:24:42,661:INFO: Epoch 27/40
2019-03-18 09:24:48,703:INFO: - Train metrics: tp: 5.636 ; fn: 1.909 ; fp: 0.818 ; loss: 0.131 ; accuracy: 0.957
2019-03-18 09:24:49,352:INFO: - Eval metrics : accuracy: 0.903 ; f1score: 0.579 ; loss: 0.298 ; precision: 0.614 ; recall: 0.547
2019-03-18 09:24:49,678:INFO: Epoch 28/40
2019-03-18 09:24:55,769:INFO: - Train metrics: tp: 5.818 ; fn: 1.727 ; fp: 1.364 ; loss: 0.127 ; accuracy: 0.952
2019-03-18 09:24:56,416:INFO: - Eval metrics : accuracy: 0.903 ; f1score: 0.584 ; loss: 0.311 ; precision: 0.614 ; recall: 0.556
2019-03-18 09:24:56,732:INFO: Epoch 29/40
2019-03-18 09:25:02,799:INFO: - Train metrics: tp: 5.636 ; fn: 1.909 ; fp: 1.273 ; loss: 0.115 ; accuracy: 0.950
2019-03-18 09:25:03,447:INFO: - Eval metrics : accuracy: 0.899 ; f1score: 0.581 ; loss: 0.309 ; precision: 0.591 ; recall: 0.571
2019-03-18 09:25:03,778:INFO: Epoch 30/40
2019-03-18 09:25:09,883:INFO: - Train metrics: tp: 5.636 ; fn: 1.909 ; fp: 1.545 ; loss: 0.137 ; accuracy: 0.946
2019-03-18 09:25:10,536:INFO: - Eval metrics : accuracy: 0.905 ; f1score: 0.581 ; loss: 0.308 ; precision: 0.628 ; recall: 0.540
2019-03-18 09:25:10,848:INFO: Epoch 31/40
2019-03-18 09:25:16,945:INFO: - Train metrics: tp: 5.545 ; fn: 2.000 ; fp: 1.636 ; loss: 0.139 ; accuracy: 0.943
2019-03-18 09:25:17,593:INFO: - Eval metrics : accuracy: 0.899 ; f1score: 0.575 ; loss: 0.310 ; precision: 0.589 ; recall: 0.562
2019-03-18 09:25:17,980:INFO: Epoch 32/40
2019-03-18 09:25:24,047:INFO: - Train metrics: tp: 6.091 ; fn: 1.455 ; fp: 1.091 ; loss: 0.120 ; accuracy: 0.960
2019-03-18 09:25:24,694:INFO: - Eval metrics : accuracy: 0.903 ; f1score: 0.579 ; loss: 0.319 ; precision: 0.613 ; recall: 0.549
2019-03-18 09:25:25,009:INFO: Epoch 33/40
2019-03-18 09:25:31,100:INFO: - Train metrics: tp: 6.364 ; fn: 1.182 ; fp: 1.545 ; loss: 0.122 ; accuracy: 0.957
2019-03-18 09:25:31,752:INFO: - Eval metrics : accuracy: 0.901 ; f1score: 0.566 ; loss: 0.313 ; precision: 0.607 ; recall: 0.531
2019-03-18 09:25:32,069:INFO: Epoch 34/40
2019-03-18 09:25:38,165:INFO: - Train metrics: tp: 5.545 ; fn: 2.000 ; fp: 1.273 ; loss: 0.138 ; accuracy: 0.949
2019-03-18 09:25:38,816:INFO: - Eval metrics : accuracy: 0.903 ; f1score: 0.581 ; loss: 0.305 ; precision: 0.611 ; recall: 0.554
2019-03-18 09:25:39,132:INFO: Epoch 35/40
2019-03-18 09:25:45,239:INFO: - Train metrics: tp: 5.364 ; fn: 2.182 ; fp: 1.455 ; loss: 0.129 ; accuracy: 0.943
2019-03-18 09:25:45,885:INFO: - Eval metrics : accuracy: 0.904 ; f1score: 0.575 ; loss: 0.295 ; precision: 0.628 ; recall: 0.530
2019-03-18 09:25:46,198:INFO: Epoch 36/40
2019-03-18 09:25:52,290:INFO: - Train metrics: tp: 6.000 ; fn: 1.545 ; fp: 1.091 ; loss: 0.104 ; accuracy: 0.959
2019-03-18 09:25:52,941:INFO: - Eval metrics : accuracy: 0.899 ; f1score: 0.583 ; loss: 0.331 ; precision: 0.589 ; recall: 0.577
2019-03-18 09:25:53,255:INFO: Epoch 37/40
2019-03-18 09:25:59,336:INFO: - Train metrics: tp: 5.545 ; fn: 2.000 ; fp: 1.091 ; loss: 0.114 ; accuracy: 0.952
2019-03-18 09:25:59,979:INFO: - Eval metrics : accuracy: 0.906 ; f1score: 0.572 ; loss: 0.330 ; precision: 0.641 ; recall: 0.517
2019-03-18 09:26:00,291:INFO: Epoch 38/40
2019-03-18 09:26:06,353:INFO: - Train metrics: tp: 5.636 ; fn: 1.909 ; fp: 1.636 ; loss: 0.136 ; accuracy: 0.945
2019-03-18 09:26:06,998:INFO: - Eval metrics : accuracy: 0.900 ; f1score: 0.573 ; loss: 0.319 ; precision: 0.599 ; recall: 0.549
2019-03-18 09:26:07,306:INFO: Epoch 39/40
2019-03-18 09:26:13,333:INFO: - Train metrics: tp: 6.091 ; fn: 1.455 ; fp: 1.273 ; loss: 0.110 ; accuracy: 0.957
2019-03-18 09:26:13,982:INFO: - Eval metrics : accuracy: 0.900 ; f1score: 0.580 ; loss: 0.329 ; precision: 0.598 ; recall: 0.563
2019-03-18 09:26:14,295:INFO: Epoch 40/40
2019-03-18 09:26:20,302:INFO: - Train metrics: tp: 5.818 ; fn: 1.727 ; fp: 0.636 ; loss: 0.094 ; accuracy: 0.963
2019-03-18 09:26:20,952:INFO: - Eval metrics : accuracy: 0.904 ; f1score: 0.586 ; loss: 0.330 ; precision: 0.615 ; recall: 0.559
