2019-03-14 19:40:42,884:INFO: Loading the datasets...
2019-03-14 19:40:43,006:INFO: loading vocabulary file https://s3.amazonaws.com/models.huggingface.co/bert/bert-base-cased-vocab.txt from cache at /home/team/.pytorch_pretrained_bert/5e8a2b4893d13790ed4150ca1906be5f7a03d6c4ddf62296c383f6db42814db2.e13dbb970cb325137104fb2e5f36fe865f27746c6b526f6352861b1980eb80b1
2019-03-14 19:40:43,646:INFO: - done.
2019-03-14 19:40:47,942:INFO: Starting training for 20 epoch(s)
2019-03-14 19:40:47,943:INFO: Epoch 1/20
2019-03-14 19:42:02,122:INFO: - Train metrics: NER accuracy: 0.923 ; loss: 0.288 ; NER recall: 0.117 ; NER precision: 0.416 ; NER f1: 0.173
2019-03-14 19:42:11,228:INFO: - Eval metrics : NER accuracy: 0.933 ; loss: 0.246 ; NER recall: 0.360 ; NER f1: 0.352 ; Term precision: 0.269 ; Term f1: 0.340 ; NER precision: 0.423 ; Term recall: 0.463 ; Term accuracy: 0.205
2019-03-14 19:42:11,347:INFO: - Found new best Term F1
2019-03-14 19:42:11,354:INFO: Epoch 2/20
2019-03-14 19:43:25,434:INFO: - Train metrics: NER accuracy: 0.944 ; loss: 0.197 ; NER recall: 0.201 ; NER precision: 0.513 ; NER f1: 0.281
2019-03-14 19:43:34,657:INFO: - Eval metrics : NER accuracy: 0.940 ; loss: 0.206 ; NER recall: 0.335 ; NER f1: 0.352 ; Term precision: 0.306 ; Term f1: 0.355 ; NER precision: 0.473 ; Term recall: 0.421 ; Term accuracy: 0.215
2019-03-14 19:43:35,144:INFO: - Found new best Term F1
2019-03-14 19:43:35,149:INFO: Epoch 3/20
2019-03-14 19:44:49,102:INFO: - Train metrics: NER accuracy: 0.947 ; loss: 0.182 ; NER recall: 0.240 ; NER precision: 0.572 ; NER f1: 0.333
2019-03-14 19:44:58,191:INFO: - Eval metrics : NER accuracy: 0.941 ; loss: 0.194 ; NER recall: 0.359 ; NER f1: 0.370 ; Term precision: 0.311 ; Term f1: 0.366 ; NER precision: 0.483 ; Term recall: 0.446 ; Term accuracy: 0.224
2019-03-14 19:44:58,680:INFO: - Found new best Term F1
2019-03-14 19:44:58,686:INFO: Epoch 4/20
2019-03-14 19:46:12,341:INFO: - Train metrics: NER accuracy: 0.948 ; loss: 0.173 ; NER recall: 0.275 ; NER precision: 0.553 ; NER f1: 0.362
2019-03-14 19:46:21,329:INFO: - Eval metrics : NER accuracy: 0.942 ; loss: 0.187 ; NER recall: 0.361 ; NER f1: 0.374 ; Term precision: 0.323 ; Term f1: 0.373 ; NER precision: 0.484 ; Term recall: 0.440 ; Term accuracy: 0.229
2019-03-14 19:46:21,832:INFO: - Found new best Term F1
2019-03-14 19:46:21,838:INFO: Epoch 5/20
2019-03-14 19:47:35,424:INFO: - Train metrics: NER accuracy: 0.950 ; loss: 0.167 ; NER recall: 0.322 ; NER precision: 0.623 ; NER f1: 0.412
2019-03-14 19:47:44,551:INFO: - Eval metrics : NER accuracy: 0.942 ; loss: 0.182 ; NER recall: 0.371 ; NER f1: 0.381 ; Term precision: 0.328 ; Term f1: 0.381 ; NER precision: 0.487 ; Term recall: 0.453 ; Term accuracy: 0.235
2019-03-14 19:47:45,040:INFO: - Found new best Term F1
2019-03-14 19:47:45,046:INFO: Epoch 6/20
2019-03-14 19:48:58,727:INFO: - Train metrics: NER accuracy: 0.952 ; loss: 0.161 ; NER recall: 0.350 ; NER precision: 0.628 ; NER f1: 0.442
2019-03-14 19:49:07,699:INFO: - Eval metrics : NER accuracy: 0.943 ; loss: 0.180 ; NER recall: 0.373 ; NER f1: 0.385 ; Term precision: 0.334 ; Term f1: 0.386 ; NER precision: 0.492 ; Term recall: 0.457 ; Term accuracy: 0.239
2019-03-14 19:49:08,192:INFO: - Found new best Term F1
2019-03-14 19:49:08,198:INFO: Epoch 7/20
2019-03-14 19:50:21,903:INFO: - Train metrics: NER accuracy: 0.951 ; loss: 0.159 ; NER recall: 0.370 ; NER precision: 0.626 ; NER f1: 0.453
2019-03-14 19:50:30,859:INFO: - Eval metrics : NER accuracy: 0.943 ; loss: 0.178 ; NER recall: 0.377 ; NER f1: 0.388 ; Term precision: 0.345 ; Term f1: 0.393 ; NER precision: 0.494 ; Term recall: 0.457 ; Term accuracy: 0.244
2019-03-14 19:50:31,348:INFO: - Found new best Term F1
2019-03-14 19:50:31,353:INFO: Epoch 8/20
2019-03-14 19:51:45,028:INFO: - Train metrics: NER accuracy: 0.953 ; loss: 0.154 ; NER recall: 0.402 ; NER precision: 0.621 ; NER f1: 0.481
2019-03-14 19:51:53,995:INFO: - Eval metrics : NER accuracy: 0.943 ; loss: 0.177 ; NER recall: 0.385 ; NER f1: 0.395 ; Term precision: 0.346 ; Term f1: 0.395 ; NER precision: 0.500 ; Term recall: 0.459 ; Term accuracy: 0.246
2019-03-14 19:51:54,484:INFO: - Found new best Term F1
2019-03-14 19:51:54,489:INFO: Epoch 9/20
2019-03-14 19:53:08,035:INFO: - Train metrics: NER accuracy: 0.955 ; loss: 0.149 ; NER recall: 0.428 ; NER precision: 0.631 ; NER f1: 0.502
2019-03-14 19:53:17,151:INFO: - Eval metrics : NER accuracy: 0.943 ; loss: 0.178 ; NER recall: 0.388 ; NER f1: 0.397 ; Term precision: 0.348 ; Term f1: 0.398 ; NER precision: 0.497 ; Term recall: 0.465 ; Term accuracy: 0.249
2019-03-14 19:53:17,640:INFO: - Found new best Term F1
2019-03-14 19:53:17,645:INFO: Epoch 10/20
2019-03-14 19:54:31,361:INFO: - Train metrics: NER accuracy: 0.954 ; loss: 0.146 ; NER recall: 0.420 ; NER precision: 0.630 ; NER f1: 0.496
2019-03-14 19:54:40,372:INFO: - Eval metrics : NER accuracy: 0.943 ; loss: 0.178 ; NER recall: 0.395 ; NER f1: 0.403 ; Term precision: 0.353 ; Term f1: 0.403 ; NER precision: 0.500 ; Term recall: 0.469 ; Term accuracy: 0.253
2019-03-14 19:54:40,860:INFO: - Found new best Term F1
2019-03-14 19:54:40,865:INFO: Epoch 11/20
2019-03-14 19:55:54,540:INFO: - Train metrics: NER accuracy: 0.957 ; loss: 0.140 ; NER recall: 0.445 ; NER precision: 0.653 ; NER f1: 0.517
2019-03-14 19:56:03,599:INFO: - Eval metrics : NER accuracy: 0.942 ; loss: 0.179 ; NER recall: 0.410 ; NER f1: 0.409 ; Term precision: 0.351 ; Term f1: 0.408 ; NER precision: 0.494 ; Term recall: 0.488 ; Term accuracy: 0.256
2019-03-14 19:56:04,092:INFO: - Found new best Term F1
2019-03-14 19:56:04,097:INFO: Epoch 12/20
2019-03-14 19:57:17,667:INFO: - Train metrics: NER accuracy: 0.957 ; loss: 0.138 ; NER recall: 0.473 ; NER precision: 0.652 ; NER f1: 0.540
2019-03-14 19:57:26,742:INFO: - Eval metrics : NER accuracy: 0.942 ; loss: 0.179 ; NER recall: 0.406 ; NER f1: 0.407 ; Term precision: 0.354 ; Term f1: 0.409 ; NER precision: 0.493 ; Term recall: 0.486 ; Term accuracy: 0.257
2019-03-14 19:57:27,232:INFO: - Found new best Term F1
2019-03-14 19:57:27,238:INFO: Epoch 13/20
2019-03-14 19:58:40,906:INFO: - Train metrics: NER accuracy: 0.958 ; loss: 0.134 ; NER recall: 0.484 ; NER precision: 0.651 ; NER f1: 0.550
2019-03-14 19:58:49,898:INFO: - Eval metrics : NER accuracy: 0.942 ; loss: 0.180 ; NER recall: 0.411 ; NER f1: 0.410 ; Term precision: 0.355 ; Term f1: 0.413 ; NER precision: 0.494 ; Term recall: 0.494 ; Term accuracy: 0.260
2019-03-14 19:58:50,489:INFO: - Found new best Term F1
2019-03-14 19:58:50,495:INFO: Epoch 14/20
2019-03-14 20:00:04,162:INFO: - Train metrics: NER accuracy: 0.959 ; loss: 0.132 ; NER recall: 0.492 ; NER precision: 0.686 ; NER f1: 0.565
2019-03-14 20:00:13,137:INFO: - Eval metrics : NER accuracy: 0.942 ; loss: 0.181 ; NER recall: 0.418 ; NER f1: 0.414 ; Term precision: 0.356 ; Term f1: 0.415 ; NER precision: 0.495 ; Term recall: 0.497 ; Term accuracy: 0.262
2019-03-14 20:00:13,624:INFO: - Found new best Term F1
2019-03-14 20:00:13,629:INFO: Epoch 15/20
2019-03-14 20:01:27,176:INFO: - Train metrics: NER accuracy: 0.958 ; loss: 0.133 ; NER recall: 0.502 ; NER precision: 0.666 ; NER f1: 0.564
2019-03-14 20:01:36,194:INFO: - Eval metrics : NER accuracy: 0.941 ; loss: 0.183 ; NER recall: 0.426 ; NER f1: 0.416 ; Term precision: 0.350 ; Term f1: 0.414 ; NER precision: 0.486 ; Term recall: 0.508 ; Term accuracy: 0.261
2019-03-14 20:01:36,506:INFO: Epoch 16/20
2019-03-14 20:02:50,164:INFO: - Train metrics: NER accuracy: 0.960 ; loss: 0.127 ; NER recall: 0.532 ; NER precision: 0.676 ; NER f1: 0.586
2019-03-14 20:02:59,143:INFO: - Eval metrics : NER accuracy: 0.942 ; loss: 0.182 ; NER recall: 0.419 ; NER f1: 0.416 ; Term precision: 0.366 ; Term f1: 0.421 ; NER precision: 0.497 ; Term recall: 0.497 ; Term accuracy: 0.267
2019-03-14 20:02:59,640:INFO: - Found new best Term F1
2019-03-14 20:02:59,645:INFO: Epoch 17/20
2019-03-14 20:04:13,192:INFO: - Train metrics: NER accuracy: 0.958 ; loss: 0.125 ; NER recall: 0.507 ; NER precision: 0.666 ; NER f1: 0.567
2019-03-14 20:04:22,265:INFO: - Eval metrics : NER accuracy: 0.942 ; loss: 0.183 ; NER recall: 0.431 ; NER f1: 0.421 ; Term precision: 0.361 ; Term f1: 0.421 ; NER precision: 0.493 ; Term recall: 0.505 ; Term accuracy: 0.267
2019-03-14 20:04:22,601:INFO: Epoch 18/20
2019-03-14 20:05:36,088:INFO: - Train metrics: NER accuracy: 0.960 ; loss: 0.121 ; NER recall: 0.526 ; NER precision: 0.683 ; NER f1: 0.587
2019-03-14 20:05:45,168:INFO: - Eval metrics : NER accuracy: 0.942 ; loss: 0.186 ; NER recall: 0.428 ; NER f1: 0.418 ; Term precision: 0.356 ; Term f1: 0.418 ; NER precision: 0.487 ; Term recall: 0.507 ; Term accuracy: 0.264
2019-03-14 20:05:45,481:INFO: Epoch 19/20
2019-03-14 20:06:59,023:INFO: - Train metrics: NER accuracy: 0.962 ; loss: 0.123 ; NER recall: 0.550 ; NER precision: 0.708 ; NER f1: 0.612
2019-03-14 20:07:07,928:INFO: - Eval metrics : NER accuracy: 0.941 ; loss: 0.187 ; NER recall: 0.431 ; NER f1: 0.418 ; Term precision: 0.354 ; Term f1: 0.421 ; NER precision: 0.484 ; Term recall: 0.519 ; Term accuracy: 0.267
2019-03-14 20:07:08,420:INFO: - Found new best Term F1
2019-03-14 20:07:08,425:INFO: Epoch 20/20
2019-03-14 20:08:22,029:INFO: - Train metrics: NER accuracy: 0.961 ; loss: 0.120 ; NER recall: 0.557 ; NER precision: 0.691 ; NER f1: 0.612
2019-03-14 20:08:31,093:INFO: - Eval metrics : NER accuracy: 0.942 ; loss: 0.187 ; NER recall: 0.435 ; NER f1: 0.421 ; Term precision: 0.358 ; Term f1: 0.422 ; NER precision: 0.487 ; Term recall: 0.514 ; Term accuracy: 0.268
2019-03-14 20:08:31,580:INFO: - Found new best Term F1
