2019-03-12 15:13:42,115:INFO: Loading the datasets...
2019-03-12 15:13:42,254:INFO: loading vocabulary file https://s3.amazonaws.com/models.huggingface.co/bert/bert-base-cased-vocab.txt from cache at /home/team/.pytorch_pretrained_bert/5e8a2b4893d13790ed4150ca1906be5f7a03d6c4ddf62296c383f6db42814db2.e13dbb970cb325137104fb2e5f36fe865f27746c6b526f6352861b1980eb80b1
2019-03-12 15:13:42,910:INFO: - done.
2019-03-12 15:13:42,980:INFO: loading archive file https://s3.amazonaws.com/models.huggingface.co/bert/bert-base-cased.tar.gz from cache at /home/team/.pytorch_pretrained_bert/a803ce83ca27fecf74c355673c434e51c265fb8a3e0e57ac62a80e38ba98d384.681017f415dfb33ec8d0e04fe51a619f3f01532ecea04edbfd48c5d160550d9c
2019-03-12 15:13:42,981:INFO: extracting archive file /home/team/.pytorch_pretrained_bert/a803ce83ca27fecf74c355673c434e51c265fb8a3e0e57ac62a80e38ba98d384.681017f415dfb33ec8d0e04fe51a619f3f01532ecea04edbfd48c5d160550d9c to temp dir /tmp/tmpmuadc8fg
2019-03-12 15:13:46,511:INFO: Model config {
  "attention_probs_dropout_prob": 0.1,
  "hidden_act": "gelu",
  "hidden_dropout_prob": 0.1,
  "hidden_size": 768,
  "initializer_range": 0.02,
  "intermediate_size": 3072,
  "max_position_embeddings": 512,
  "num_attention_heads": 12,
  "num_hidden_layers": 12,
  "type_vocab_size": 2,
  "vocab_size": 28996
}

2019-03-12 15:13:53,225:INFO: Starting training for 5 epoch(s)
2019-03-12 15:13:53,225:INFO: Epoch 1/5
2019-03-12 15:36:36,996:INFO: - Train metrics: NER precision: 0.739 ; NER accuracy: 0.946 ; NER f1: 0.720 ; loss: 0.134 ; NER recall: 0.731
2019-03-12 15:38:31,158:INFO: - Eval metrics : NER accuracy: 0.936 ; NER precision: 0.479 ; NER recall: 0.479 ; Term accuracy: 0.297 ; Term recall: 0.605 ; Term precision: 0.368 ; loss: 0.264 ; Term f1: 0.458 ; NER f1: 0.443
2019-03-12 15:38:33,346:INFO: - Found new best Term F1
2019-03-12 15:38:33,352:INFO: Epoch 2/5
2019-03-12 16:01:10,708:INFO: - Train metrics: NER precision: 0.847 ; NER accuracy: 0.982 ; NER f1: 0.863 ; loss: 0.046 ; NER recall: 0.890
2019-03-12 16:03:05,546:INFO: - Eval metrics : NER accuracy: 0.937 ; NER precision: 0.482 ; NER recall: 0.467 ; Term accuracy: 0.292 ; Term recall: 0.584 ; Term precision: 0.369 ; loss: 0.336 ; Term f1: 0.452 ; NER f1: 0.438
2019-03-12 16:03:20,559:INFO: Epoch 3/5
2019-03-12 16:25:55,561:INFO: - Train metrics: NER precision: 0.904 ; NER accuracy: 0.989 ; NER f1: 0.916 ; loss: 0.032 ; NER recall: 0.935
2019-03-12 16:27:49,747:INFO: - Eval metrics : NER accuracy: 0.937 ; NER precision: 0.483 ; NER recall: 0.460 ; Term accuracy: 0.293 ; Term recall: 0.596 ; Term precision: 0.366 ; loss: 0.390 ; Term f1: 0.453 ; NER f1: 0.435
2019-03-12 16:28:04,812:INFO: Epoch 4/5
2019-03-12 16:50:43,441:INFO: - Train metrics: NER precision: 0.921 ; NER accuracy: 0.991 ; NER f1: 0.926 ; loss: 0.025 ; NER recall: 0.936
2019-03-12 16:52:38,955:INFO: - Eval metrics : NER accuracy: 0.936 ; NER precision: 0.473 ; NER recall: 0.473 ; Term accuracy: 0.281 ; Term recall: 0.596 ; Term precision: 0.347 ; loss: 0.432 ; Term f1: 0.438 ; NER f1: 0.438
2019-03-12 16:52:53,898:INFO: Epoch 5/5
2019-03-12 17:15:38,972:INFO: - Train metrics: NER precision: 0.962 ; NER accuracy: 0.996 ; NER f1: 0.966 ; loss: 0.014 ; NER recall: 0.972
2019-03-12 17:17:33,483:INFO: - Eval metrics : NER accuracy: 0.938 ; NER precision: 0.484 ; NER recall: 0.473 ; Term accuracy: 0.292 ; Term recall: 0.621 ; Term precision: 0.355 ; loss: 0.449 ; Term f1: 0.452 ; NER f1: 0.444
