2019-03-18 08:55:30,772:INFO: Loading the datasets...
2019-03-18 08:55:30,944:INFO: loading vocabulary file https://s3.amazonaws.com/models.huggingface.co/bert/bert-base-cased-vocab.txt from cache at /home/msingh9/.pytorch_pretrained_bert/5e8a2b4893d13790ed4150ca1906be5f7a03d6c4ddf62296c383f6db42814db2.e13dbb970cb325137104fb2e5f36fe865f27746c6b526f6352861b1980eb80b1
2019-03-18 08:55:31,395:INFO: - done.
2019-03-18 08:55:35,923:INFO: learning_rate => 0.001
2019-03-18 08:55:35,923:INFO: batch_size => 64
2019-03-18 08:55:35,923:INFO: defm_dropout_rate => 0.5
2019-03-18 08:55:35,923:INFO: Starting training for 40 epoch(s)
2019-03-18 08:55:35,923:INFO: Epoch 1/40
2019-03-18 08:55:59,684:INFO: - Train metrics: fp: 2.364 ; tp: 1.455 ; accuracy: 0.868 ; fn: 6.091 ; loss: 0.332
2019-03-18 08:56:00,341:INFO: - Eval metrics : accuracy: 0.901 ; f1score: 0.436 ; loss: 0.260 ; precision: 0.715 ; recall: 0.314
2019-03-18 08:56:00,831:INFO: - Found new best accuracy
2019-03-18 08:56:00,832:INFO: Epoch 2/40
2019-03-18 08:56:24,561:INFO: - Train metrics: fp: 1.273 ; tp: 3.182 ; accuracy: 0.912 ; fn: 4.364 ; loss: 0.245
2019-03-18 08:56:25,216:INFO: - Eval metrics : accuracy: 0.901 ; f1score: 0.494 ; loss: 0.253 ; precision: 0.659 ; recall: 0.395
2019-03-18 08:56:32,919:INFO: - Found new best accuracy
2019-03-18 08:56:32,919:INFO: Epoch 3/40
2019-03-18 08:56:56,682:INFO: - Train metrics: fp: 1.636 ; tp: 4.364 ; accuracy: 0.925 ; fn: 3.182 ; loss: 0.200
2019-03-18 08:56:57,341:INFO: - Eval metrics : accuracy: 0.902 ; f1score: 0.517 ; loss: 0.275 ; precision: 0.644 ; recall: 0.431
2019-03-18 08:57:04,806:INFO: - Found new best accuracy
2019-03-18 08:57:04,807:INFO: Epoch 4/40
2019-03-18 08:57:28,475:INFO: - Train metrics: fp: 1.091 ; tp: 5.455 ; accuracy: 0.950 ; fn: 2.091 ; loss: 0.170
2019-03-18 08:57:29,132:INFO: - Eval metrics : accuracy: 0.899 ; f1score: 0.522 ; loss: 0.303 ; precision: 0.619 ; recall: 0.451
2019-03-18 08:57:37,034:INFO: - Found new best accuracy
2019-03-18 08:57:37,035:INFO: Epoch 5/40
2019-03-18 08:58:00,757:INFO: - Train metrics: fp: 1.091 ; tp: 6.000 ; accuracy: 0.959 ; fn: 1.545 ; loss: 0.136
2019-03-18 08:58:01,406:INFO: - Eval metrics : accuracy: 0.892 ; f1score: 0.503 ; loss: 0.346 ; precision: 0.576 ; recall: 0.446
2019-03-18 08:58:02,319:INFO: Epoch 6/40
2019-03-18 08:58:25,979:INFO: - Train metrics: fp: 1.182 ; tp: 6.000 ; accuracy: 0.957 ; fn: 1.545 ; loss: 0.134
2019-03-18 08:58:26,628:INFO: - Eval metrics : accuracy: 0.894 ; f1score: 0.502 ; loss: 0.382 ; precision: 0.588 ; recall: 0.438
2019-03-18 08:58:27,540:INFO: Epoch 7/40
2019-03-18 08:58:51,231:INFO: - Train metrics: fp: 0.727 ; tp: 6.455 ; accuracy: 0.972 ; fn: 1.091 ; loss: 0.099
2019-03-18 08:58:51,878:INFO: - Eval metrics : accuracy: 0.891 ; f1score: 0.469 ; loss: 0.439 ; precision: 0.581 ; recall: 0.393
2019-03-18 08:58:52,787:INFO: Epoch 8/40
2019-03-18 08:59:16,422:INFO: - Train metrics: fp: 0.818 ; tp: 6.818 ; accuracy: 0.976 ; fn: 0.727 ; loss: 0.079
2019-03-18 08:59:17,072:INFO: - Eval metrics : accuracy: 0.888 ; f1score: 0.470 ; loss: 0.468 ; precision: 0.558 ; recall: 0.406
2019-03-18 08:59:17,984:INFO: Epoch 9/40
2019-03-18 08:59:41,596:INFO: - Train metrics: fp: 0.545 ; tp: 6.727 ; accuracy: 0.979 ; fn: 0.818 ; loss: 0.068
2019-03-18 08:59:42,243:INFO: - Eval metrics : accuracy: 0.885 ; f1score: 0.467 ; loss: 0.505 ; precision: 0.539 ; recall: 0.412
2019-03-18 08:59:43,156:INFO: Epoch 10/40
2019-03-18 09:00:06,732:INFO: - Train metrics: fp: 0.727 ; tp: 6.909 ; accuracy: 0.979 ; fn: 0.636 ; loss: 0.061
2019-03-18 09:00:07,381:INFO: - Eval metrics : accuracy: 0.884 ; f1score: 0.480 ; loss: 0.527 ; precision: 0.531 ; recall: 0.438
2019-03-18 09:00:08,301:INFO: Epoch 11/40
2019-03-18 09:00:31,888:INFO: - Train metrics: fp: 1.000 ; tp: 7.091 ; accuracy: 0.977 ; fn: 0.455 ; loss: 0.069
2019-03-18 09:00:32,540:INFO: - Eval metrics : accuracy: 0.887 ; f1score: 0.451 ; loss: 0.573 ; precision: 0.557 ; recall: 0.378
2019-03-18 09:00:33,455:INFO: Epoch 12/40
2019-03-18 09:00:57,016:INFO: - Train metrics: fp: 0.636 ; tp: 7.182 ; accuracy: 0.984 ; fn: 0.364 ; loss: 0.053
2019-03-18 09:00:57,661:INFO: - Eval metrics : accuracy: 0.885 ; f1score: 0.455 ; loss: 0.572 ; precision: 0.540 ; recall: 0.392
2019-03-18 09:00:58,580:INFO: Epoch 13/40
2019-03-18 09:01:22,163:INFO: - Train metrics: fp: 0.455 ; tp: 6.909 ; accuracy: 0.983 ; fn: 0.636 ; loss: 0.049
2019-03-18 09:01:22,807:INFO: - Eval metrics : accuracy: 0.888 ; f1score: 0.428 ; loss: 0.636 ; precision: 0.567 ; recall: 0.344
2019-03-18 09:01:23,747:INFO: Epoch 14/40
2019-03-18 09:01:47,313:INFO: - Train metrics: fp: 0.455 ; tp: 6.909 ; accuracy: 0.983 ; fn: 0.636 ; loss: 0.055
2019-03-18 09:01:47,971:INFO: - Eval metrics : accuracy: 0.885 ; f1score: 0.438 ; loss: 0.640 ; precision: 0.544 ; recall: 0.367
2019-03-18 09:01:48,887:INFO: Epoch 15/40
2019-03-18 09:02:12,461:INFO: - Train metrics: fp: 0.273 ; tp: 7.182 ; accuracy: 0.990 ; fn: 0.364 ; loss: 0.038
2019-03-18 09:02:13,115:INFO: - Eval metrics : accuracy: 0.887 ; f1score: 0.432 ; loss: 0.638 ; precision: 0.556 ; recall: 0.353
2019-03-18 09:02:14,040:INFO: Epoch 16/40
2019-03-18 09:02:37,671:INFO: - Train metrics: fp: 0.182 ; tp: 7.091 ; accuracy: 0.990 ; fn: 0.455 ; loss: 0.031
2019-03-18 09:02:38,319:INFO: - Eval metrics : accuracy: 0.885 ; f1score: 0.442 ; loss: 0.668 ; precision: 0.540 ; recall: 0.374
2019-03-18 09:02:39,241:INFO: Epoch 17/40
2019-03-18 09:03:02,803:INFO: - Train metrics: fp: 0.273 ; tp: 7.273 ; accuracy: 0.991 ; fn: 0.273 ; loss: 0.032
2019-03-18 09:03:03,452:INFO: - Eval metrics : accuracy: 0.886 ; f1score: 0.446 ; loss: 0.680 ; precision: 0.551 ; recall: 0.375
2019-03-18 09:03:04,368:INFO: Epoch 18/40
2019-03-18 09:03:27,940:INFO: - Train metrics: fp: 0.364 ; tp: 7.000 ; accuracy: 0.986 ; fn: 0.545 ; loss: 0.033
2019-03-18 09:03:28,589:INFO: - Eval metrics : accuracy: 0.884 ; f1score: 0.462 ; loss: 0.713 ; precision: 0.533 ; recall: 0.407
2019-03-18 09:03:29,513:INFO: Epoch 19/40
2019-03-18 09:03:53,076:INFO: - Train metrics: fp: 0.545 ; tp: 7.000 ; accuracy: 0.983 ; fn: 0.545 ; loss: 0.057
2019-03-18 09:03:53,719:INFO: - Eval metrics : accuracy: 0.885 ; f1score: 0.464 ; loss: 0.702 ; precision: 0.539 ; recall: 0.407
2019-03-18 09:03:54,637:INFO: Epoch 20/40
2019-03-18 09:04:18,250:INFO: - Train metrics: fp: 0.364 ; tp: 7.273 ; accuracy: 0.990 ; fn: 0.273 ; loss: 0.031
2019-03-18 09:04:18,896:INFO: - Eval metrics : accuracy: 0.883 ; f1score: 0.454 ; loss: 0.741 ; precision: 0.525 ; recall: 0.400
2019-03-18 09:04:19,815:INFO: Epoch 21/40
2019-03-18 09:05:11,696:INFO: Loading the datasets...
2019-03-18 09:05:11,866:INFO: loading vocabulary file https://s3.amazonaws.com/models.huggingface.co/bert/bert-base-cased-vocab.txt from cache at /home/msingh9/.pytorch_pretrained_bert/5e8a2b4893d13790ed4150ca1906be5f7a03d6c4ddf62296c383f6db42814db2.e13dbb970cb325137104fb2e5f36fe865f27746c6b526f6352861b1980eb80b1
2019-03-18 09:05:12,328:INFO: - done.
2019-03-18 09:05:16,858:INFO: learning_rate => 0.0001
2019-03-18 09:05:16,858:INFO: batch_size => 64
2019-03-18 09:05:16,858:INFO: defm_dropout_rate => 0.5
2019-03-18 09:05:16,858:INFO: Starting training for 10 epoch(s)
2019-03-18 09:05:16,858:INFO: Restoring parameters from experiments/we/ours/base_model/best.pth.tar
2019-03-18 09:05:17,059:INFO: Epoch 1/10
2019-03-18 09:05:40,889:INFO: - Train metrics: fn: 1.545 ; fp: 1.273 ; loss: 0.127 ; accuracy: 0.956 ; tp: 6.000
2019-03-18 09:05:41,545:INFO: - Eval metrics : accuracy: 0.895 ; f1score: 0.491 ; loss: 0.378 ; precision: 0.602 ; recall: 0.414
2019-03-18 09:05:49,317:INFO: - Found new best accuracy
2019-03-18 09:05:49,318:INFO: Epoch 2/10
2019-03-18 09:06:13,180:INFO: - Train metrics: fn: 1.273 ; fp: 0.545 ; loss: 0.106 ; accuracy: 0.972 ; tp: 6.273
2019-03-18 09:06:13,829:INFO: - Eval metrics : accuracy: 0.892 ; f1score: 0.495 ; loss: 0.422 ; precision: 0.576 ; recall: 0.434
2019-03-18 09:06:21,574:INFO: - Found new best accuracy
2019-03-18 09:06:21,574:INFO: Epoch 3/10
2019-03-18 09:06:45,305:INFO: - Train metrics: fn: 0.727 ; fp: 0.909 ; loss: 0.077 ; accuracy: 0.974 ; tp: 6.818
2019-03-18 09:06:45,962:INFO: - Eval metrics : accuracy: 0.892 ; f1score: 0.491 ; loss: 0.455 ; precision: 0.579 ; recall: 0.426
2019-03-18 09:06:46,892:INFO: Epoch 4/10
2019-03-18 09:07:10,624:INFO: - Train metrics: fn: 0.636 ; fp: 1.091 ; loss: 0.066 ; accuracy: 0.973 ; tp: 6.909
2019-03-18 09:07:11,277:INFO: - Eval metrics : accuracy: 0.892 ; f1score: 0.465 ; loss: 0.494 ; precision: 0.587 ; recall: 0.385
2019-03-18 09:07:12,204:INFO: Epoch 5/10
2019-03-18 09:07:35,933:INFO: - Train metrics: fn: 0.727 ; fp: 1.182 ; loss: 0.093 ; accuracy: 0.970 ; tp: 6.818
2019-03-18 09:07:36,589:INFO: - Eval metrics : accuracy: 0.893 ; f1score: 0.461 ; loss: 0.506 ; precision: 0.595 ; recall: 0.376
2019-03-18 09:07:37,516:INFO: Epoch 6/10
2019-03-18 09:08:01,219:INFO: - Train metrics: fn: 0.909 ; fp: 0.727 ; loss: 0.068 ; accuracy: 0.974 ; tp: 6.636
2019-03-18 09:08:01,875:INFO: - Eval metrics : accuracy: 0.888 ; f1score: 0.466 ; loss: 0.534 ; precision: 0.560 ; recall: 0.399
2019-03-18 09:08:02,803:INFO: Epoch 7/10
2019-03-18 09:08:26,523:INFO: - Train metrics: fn: 0.364 ; fp: 0.727 ; loss: 0.053 ; accuracy: 0.983 ; tp: 7.182
2019-03-18 09:08:27,186:INFO: - Eval metrics : accuracy: 0.887 ; f1score: 0.459 ; loss: 0.572 ; precision: 0.551 ; recall: 0.393
2019-03-18 09:08:28,115:INFO: Epoch 8/10
2019-03-18 09:08:51,826:INFO: - Train metrics: fn: 0.545 ; fp: 0.455 ; loss: 0.043 ; accuracy: 0.984 ; tp: 7.000
2019-03-18 09:08:52,495:INFO: - Eval metrics : accuracy: 0.889 ; f1score: 0.432 ; loss: 0.610 ; precision: 0.577 ; recall: 0.345
2019-03-18 09:08:53,419:INFO: Epoch 9/10
2019-03-18 09:09:17,163:INFO: - Train metrics: fn: 0.455 ; fp: 0.455 ; loss: 0.045 ; accuracy: 0.986 ; tp: 7.091
2019-03-18 09:09:17,822:INFO: - Eval metrics : accuracy: 0.890 ; f1score: 0.454 ; loss: 0.602 ; precision: 0.575 ; recall: 0.375
2019-03-18 09:09:18,747:INFO: Epoch 10/10
2019-03-18 09:09:42,457:INFO: - Train metrics: fn: 0.364 ; fp: 0.636 ; loss: 0.046 ; accuracy: 0.984 ; tp: 7.182
2019-03-18 09:09:43,106:INFO: - Eval metrics : accuracy: 0.887 ; f1score: 0.447 ; loss: 0.635 ; precision: 0.553 ; recall: 0.375
2019-03-18 09:11:27,909:INFO: Loading the datasets...
2019-03-18 09:11:28,096:INFO: loading vocabulary file https://s3.amazonaws.com/models.huggingface.co/bert/bert-base-cased-vocab.txt from cache at /home/msingh9/.pytorch_pretrained_bert/5e8a2b4893d13790ed4150ca1906be5f7a03d6c4ddf62296c383f6db42814db2.e13dbb970cb325137104fb2e5f36fe865f27746c6b526f6352861b1980eb80b1
2019-03-18 09:11:28,552:INFO: - done.
2019-03-18 09:11:33,096:INFO: learning_rate => 1e-05
2019-03-18 09:11:33,097:INFO: batch_size => 64
2019-03-18 09:11:33,097:INFO: defm_dropout_rate => 0.5
2019-03-18 09:11:33,097:INFO: Starting training for 10 epoch(s)
2019-03-18 09:11:33,097:INFO: Restoring parameters from experiments/we/ours/base_model/best.pth.tar
2019-03-18 09:11:33,300:INFO: Epoch 1/10
2019-03-18 09:11:57,092:INFO: - Train metrics: accuracy: 0.984 ; loss: 0.059 ; fp: 0.364 ; tp: 6.909 ; fn: 0.636
2019-03-18 09:11:57,761:INFO: - Eval metrics : accuracy: 0.885 ; f1score: 0.494 ; loss: 0.521 ; precision: 0.533 ; recall: 0.461
2019-03-18 09:12:05,496:INFO: - Found new best accuracy
2019-03-18 09:12:05,497:INFO: Epoch 2/10
2019-03-18 09:12:29,358:INFO: - Train metrics: accuracy: 0.989 ; loss: 0.048 ; fp: 0.364 ; tp: 7.182 ; fn: 0.364
2019-03-18 09:12:30,018:INFO: - Eval metrics : accuracy: 0.890 ; f1score: 0.461 ; loss: 0.577 ; precision: 0.571 ; recall: 0.386
2019-03-18 09:12:30,939:INFO: Epoch 3/10
2019-03-18 09:12:54,707:INFO: - Train metrics: accuracy: 0.976 ; loss: 0.069 ; fp: 0.909 ; tp: 6.909 ; fn: 0.636
2019-03-18 09:12:55,367:INFO: - Eval metrics : accuracy: 0.893 ; f1score: 0.474 ; loss: 0.524 ; precision: 0.593 ; recall: 0.395
2019-03-18 09:12:56,291:INFO: Epoch 4/10
2019-03-18 09:13:20,046:INFO: - Train metrics: accuracy: 0.979 ; loss: 0.060 ; fp: 0.364 ; tp: 6.545 ; fn: 1.000
2019-03-18 09:13:20,700:INFO: - Eval metrics : accuracy: 0.890 ; f1score: 0.472 ; loss: 0.561 ; precision: 0.573 ; recall: 0.400
2019-03-18 09:13:21,631:INFO: Epoch 5/10
2019-03-18 09:13:45,414:INFO: - Train metrics: accuracy: 0.972 ; loss: 0.083 ; fp: 1.091 ; tp: 6.818 ; fn: 0.727
2019-03-18 09:13:46,085:INFO: - Eval metrics : accuracy: 0.886 ; f1score: 0.469 ; loss: 0.545 ; precision: 0.546 ; recall: 0.411
2019-03-18 09:13:47,009:INFO: Epoch 6/10
2019-03-18 09:14:10,727:INFO: - Train metrics: accuracy: 0.976 ; loss: 0.060 ; fp: 0.818 ; tp: 6.818 ; fn: 0.727
2019-03-18 09:14:11,392:INFO: - Eval metrics : accuracy: 0.889 ; f1score: 0.438 ; loss: 0.600 ; precision: 0.570 ; recall: 0.355
2019-03-18 09:14:12,328:INFO: Epoch 7/10
2019-03-18 09:14:36,088:INFO: - Train metrics: accuracy: 0.991 ; loss: 0.033 ; fp: 0.273 ; tp: 7.273 ; fn: 0.273
2019-03-18 09:14:36,751:INFO: - Eval metrics : accuracy: 0.888 ; f1score: 0.450 ; loss: 0.621 ; precision: 0.560 ; recall: 0.376
2019-03-18 09:14:37,684:INFO: Epoch 8/10
2019-03-18 09:15:01,428:INFO: - Train metrics: accuracy: 0.986 ; loss: 0.045 ; fp: 0.636 ; tp: 7.273 ; fn: 0.273
2019-03-18 09:15:02,086:INFO: - Eval metrics : accuracy: 0.887 ; f1score: 0.437 ; loss: 0.644 ; precision: 0.558 ; recall: 0.360
2019-03-18 09:15:03,012:INFO: Epoch 9/10
2019-03-18 09:15:26,703:INFO: - Train metrics: accuracy: 0.990 ; loss: 0.035 ; fp: 0.364 ; tp: 7.273 ; fn: 0.273
2019-03-18 09:15:27,351:INFO: - Eval metrics : accuracy: 0.889 ; f1score: 0.447 ; loss: 0.671 ; precision: 0.570 ; recall: 0.367
2019-03-18 09:15:28,272:INFO: Epoch 10/10
2019-03-18 09:15:51,883:INFO: - Train metrics: accuracy: 0.986 ; loss: 0.031 ; fp: 0.545 ; tp: 7.182 ; fn: 0.364
2019-03-18 09:15:52,533:INFO: - Eval metrics : accuracy: 0.885 ; f1score: 0.444 ; loss: 0.670 ; precision: 0.541 ; recall: 0.377
