2019-03-17 04:02:56,505:INFO: Creating the dataset...
2019-03-17 04:02:56,641:INFO: loading vocabulary file https://s3.amazonaws.com/models.huggingface.co/bert/bert-base-cased-vocab.txt from cache at /home/msingh9/.pytorch_pretrained_bert/5e8a2b4893d13790ed4150ca1906be5f7a03d6c4ddf62296c383f6db42814db2.e13dbb970cb325137104fb2e5f36fe865f27746c6b526f6352861b1980eb80b1
2019-03-17 04:02:56,812:INFO: Loading ../data/def_data/full
2019-03-17 04:02:56,812:INFO: - done.
2019-03-17 04:03:01,156:INFO: Starting evaluation
2019-03-17 04:04:22,203:INFO: Creating the dataset...
2019-03-17 04:04:22,341:INFO: loading vocabulary file https://s3.amazonaws.com/models.huggingface.co/bert/bert-base-cased-vocab.txt from cache at /home/msingh9/.pytorch_pretrained_bert/5e8a2b4893d13790ed4150ca1906be5f7a03d6c4ddf62296c383f6db42814db2.e13dbb970cb325137104fb2e5f36fe865f27746c6b526f6352861b1980eb80b1
2019-03-17 04:04:22,512:INFO: Loading ../data/def_data/full
2019-03-17 04:04:22,512:INFO: - done.
2019-03-17 04:04:26,866:INFO: Starting evaluation
2019-03-17 04:06:59,075:INFO: Creating the dataset...
2019-03-17 04:06:59,209:INFO: loading vocabulary file https://s3.amazonaws.com/models.huggingface.co/bert/bert-base-cased-vocab.txt from cache at /home/msingh9/.pytorch_pretrained_bert/5e8a2b4893d13790ed4150ca1906be5f7a03d6c4ddf62296c383f6db42814db2.e13dbb970cb325137104fb2e5f36fe865f27746c6b526f6352861b1980eb80b1
2019-03-17 04:06:59,382:INFO: Loading ../data/def_data/full
2019-03-17 04:06:59,382:INFO: - done.
2019-03-17 04:06:59,407:INFO: loading archive file https://s3.amazonaws.com/models.huggingface.co/bert/bert-base-cased.tar.gz from cache at /home/msingh9/.pytorch_pretrained_bert/a803ce83ca27fecf74c355673c434e51c265fb8a3e0e57ac62a80e38ba98d384.681017f415dfb33ec8d0e04fe51a619f3f01532ecea04edbfd48c5d160550d9c
2019-03-17 04:06:59,408:INFO: extracting archive file /home/msingh9/.pytorch_pretrained_bert/a803ce83ca27fecf74c355673c434e51c265fb8a3e0e57ac62a80e38ba98d384.681017f415dfb33ec8d0e04fe51a619f3f01532ecea04edbfd48c5d160550d9c to temp dir /tmp/tmpwt06smdu
2019-03-17 04:07:02,947:INFO: Model config {
  "attention_probs_dropout_prob": 0.1,
  "hidden_act": "gelu",
  "hidden_dropout_prob": 0.1,
  "hidden_size": 768,
  "initializer_range": 0.02,
  "intermediate_size": 3072,
  "max_position_embeddings": 512,
  "num_attention_heads": 12,
  "num_hidden_layers": 12,
  "type_vocab_size": 2,
  "vocab_size": 28996
}

2019-03-17 04:07:09,720:INFO: Starting evaluation
2019-03-17 04:11:28,853:INFO: - Eval metrics : accuracy: 0.900 ; recall: 0.137 ; precision: 0.129 ; f1score: 0.130 ; loss: 0.349
2019-03-18 16:46:48,023:INFO: Creating the dataset...
2019-03-18 16:46:48,202:INFO: loading vocabulary file https://s3.amazonaws.com/models.huggingface.co/bert/bert-base-cased-vocab.txt from cache at /home/msingh9/.pytorch_pretrained_bert/5e8a2b4893d13790ed4150ca1906be5f7a03d6c4ddf62296c383f6db42814db2.e13dbb970cb325137104fb2e5f36fe865f27746c6b526f6352861b1980eb80b1
2019-03-18 16:46:48,391:INFO: Loading ../data/def_data/full
2019-03-18 16:46:48,392:INFO: - done.
2019-03-18 16:46:48,420:INFO: loading archive file https://s3.amazonaws.com/models.huggingface.co/bert/bert-base-cased.tar.gz from cache at /home/msingh9/.pytorch_pretrained_bert/a803ce83ca27fecf74c355673c434e51c265fb8a3e0e57ac62a80e38ba98d384.681017f415dfb33ec8d0e04fe51a619f3f01532ecea04edbfd48c5d160550d9c
2019-03-18 16:46:48,420:INFO: extracting archive file /home/msingh9/.pytorch_pretrained_bert/a803ce83ca27fecf74c355673c434e51c265fb8a3e0e57ac62a80e38ba98d384.681017f415dfb33ec8d0e04fe51a619f3f01532ecea04edbfd48c5d160550d9c to temp dir /tmp/tmppx7k_60w
2019-03-18 16:46:52,018:INFO: Model config {
  "attention_probs_dropout_prob": 0.1,
  "hidden_act": "gelu",
  "hidden_dropout_prob": 0.1,
  "hidden_size": 768,
  "initializer_range": 0.02,
  "intermediate_size": 3072,
  "max_position_embeddings": 512,
  "num_attention_heads": 12,
  "num_hidden_layers": 12,
  "type_vocab_size": 2,
  "vocab_size": 28996
}

2019-03-18 16:46:58,801:INFO: Starting evaluation
2019-03-18 16:49:38,050:INFO: - Eval metrics : accuracy: 0.925 ; f1score: 0.442 ; loss: 0.198 ; precision: 0.463 ; recall: 0.423
