2019-03-18 07:37:55,789:INFO: Loading the datasets...
2019-03-18 07:37:55,884:INFO: loading vocabulary file https://s3.amazonaws.com/models.huggingface.co/bert/bert-base-cased-vocab.txt from cache at /home/msingh9/.pytorch_pretrained_bert/5e8a2b4893d13790ed4150ca1906be5f7a03d6c4ddf62296c383f6db42814db2.e13dbb970cb325137104fb2e5f36fe865f27746c6b526f6352861b1980eb80b1
2019-03-18 07:37:55,926:INFO: - done.
2019-03-18 07:38:00,390:INFO: learning_rate => 0.001
2019-03-18 07:38:00,390:INFO: batch_size => 64
2019-03-18 07:38:00,390:INFO: defm_dropout_rate => 0.5
2019-03-18 07:38:00,391:INFO: Starting training for 40 epoch(s)
2019-03-18 07:38:00,391:INFO: Epoch 1/40
2019-03-18 07:38:00,736:INFO: - Train metrics: fn: 19.000 ; accuracy: 0.453 ; loss: 0.698 ; fp: 16.000 ; tp: 6.000
2019-03-18 07:38:00,767:INFO: - Eval metrics : accuracy: 0.695 ; f1score: 0.017 ; loss: 0.593 ; precision: 1.000 ; recall: 0.008
2019-03-18 07:38:00,836:INFO: - Found new best accuracy
2019-03-18 07:38:00,836:INFO: Epoch 2/40
2019-03-18 07:38:01,123:INFO: - Train metrics: fn: 25.000 ; accuracy: 0.609 ; loss: 0.631 ; fp: 0.000 ; tp: 0.000
2019-03-18 07:38:01,149:INFO: - Eval metrics : accuracy: 0.732 ; f1score: 0.443 ; loss: 0.533 ; precision: 0.612 ; recall: 0.347
2019-03-18 07:38:01,337:INFO: - Found new best accuracy
2019-03-18 07:38:01,338:INFO: Epoch 3/40
2019-03-18 07:38:01,592:INFO: - Train metrics: fn: 18.000 ; accuracy: 0.703 ; loss: 0.541 ; fp: 1.000 ; tp: 7.000
2019-03-18 07:38:01,639:INFO: - Eval metrics : accuracy: 0.755 ; f1score: 0.489 ; loss: 0.522 ; precision: 0.682 ; recall: 0.381
2019-03-18 07:38:01,730:INFO: - Found new best accuracy
2019-03-18 07:38:01,730:INFO: Epoch 4/40
2019-03-18 07:38:01,971:INFO: - Train metrics: fn: 18.000 ; accuracy: 0.703 ; loss: 0.504 ; fp: 1.000 ; tp: 7.000
2019-03-18 07:38:01,994:INFO: - Eval metrics : accuracy: 0.760 ; f1score: 0.531 ; loss: 0.494 ; precision: 0.667 ; recall: 0.441
2019-03-18 07:38:02,773:INFO: - Found new best accuracy
2019-03-18 07:38:02,774:INFO: Epoch 5/40
2019-03-18 07:38:02,999:INFO: - Train metrics: fn: 13.000 ; accuracy: 0.766 ; loss: 0.393 ; fp: 2.000 ; tp: 12.000
2019-03-18 07:38:03,022:INFO: - Eval metrics : accuracy: 0.755 ; f1score: 0.466 ; loss: 0.578 ; precision: 0.707 ; recall: 0.347
2019-03-18 07:38:03,157:INFO: Epoch 6/40
2019-03-18 07:38:03,380:INFO: - Train metrics: fn: 11.000 ; accuracy: 0.812 ; loss: 0.357 ; fp: 1.000 ; tp: 14.000
2019-03-18 07:38:03,403:INFO: - Eval metrics : accuracy: 0.784 ; f1score: 0.591 ; loss: 0.517 ; precision: 0.706 ; recall: 0.508
2019-03-18 07:38:04,313:INFO: - Found new best accuracy
2019-03-18 07:38:04,314:INFO: Epoch 7/40
2019-03-18 07:38:04,542:INFO: - Train metrics: fn: 4.000 ; accuracy: 0.922 ; loss: 0.216 ; fp: 1.000 ; tp: 21.000
2019-03-18 07:38:04,565:INFO: - Eval metrics : accuracy: 0.779 ; f1score: 0.555 ; loss: 0.596 ; precision: 0.726 ; recall: 0.449
2019-03-18 07:38:05,342:INFO: Epoch 8/40
2019-03-18 07:38:05,565:INFO: - Train metrics: fn: 1.000 ; accuracy: 0.984 ; loss: 0.134 ; fp: 0.000 ; tp: 24.000
2019-03-18 07:38:05,588:INFO: - Eval metrics : accuracy: 0.753 ; f1score: 0.599 ; loss: 0.593 ; precision: 0.597 ; recall: 0.602
2019-03-18 07:38:06,188:INFO: - Found new best accuracy
2019-03-18 07:38:06,188:INFO: Epoch 9/40
2019-03-18 07:38:06,413:INFO: - Train metrics: fn: 0.000 ; accuracy: 0.969 ; loss: 0.128 ; fp: 2.000 ; tp: 25.000
2019-03-18 07:38:06,436:INFO: - Eval metrics : accuracy: 0.755 ; f1score: 0.630 ; loss: 0.576 ; precision: 0.588 ; recall: 0.678
2019-03-18 07:38:07,464:INFO: - Found new best accuracy
2019-03-18 07:38:07,465:INFO: Epoch 10/40
2019-03-18 07:38:07,689:INFO: - Train metrics: fn: 1.000 ; accuracy: 0.969 ; loss: 0.134 ; fp: 1.000 ; tp: 24.000
2019-03-18 07:38:07,712:INFO: - Eval metrics : accuracy: 0.779 ; f1score: 0.573 ; loss: 0.642 ; precision: 0.704 ; recall: 0.483
2019-03-18 07:38:08,154:INFO: Epoch 11/40
2019-03-18 07:38:08,379:INFO: - Train metrics: fn: 6.000 ; accuracy: 0.906 ; loss: 0.188 ; fp: 0.000 ; tp: 19.000
2019-03-18 07:38:08,402:INFO: - Eval metrics : accuracy: 0.779 ; f1score: 0.622 ; loss: 0.638 ; precision: 0.654 ; recall: 0.593
2019-03-18 07:38:09,149:INFO: Epoch 12/40
2019-03-18 07:38:09,373:INFO: - Train metrics: fn: 1.000 ; accuracy: 0.969 ; loss: 0.114 ; fp: 1.000 ; tp: 24.000
2019-03-18 07:38:09,396:INFO: - Eval metrics : accuracy: 0.797 ; f1score: 0.614 ; loss: 0.714 ; precision: 0.738 ; recall: 0.525
2019-03-18 07:38:09,713:INFO: Epoch 13/40
2019-03-18 07:38:09,939:INFO: - Train metrics: fn: 2.000 ; accuracy: 0.969 ; loss: 0.106 ; fp: 0.000 ; tp: 23.000
2019-03-18 07:38:09,963:INFO: - Eval metrics : accuracy: 0.768 ; f1score: 0.519 ; loss: 0.877 ; precision: 0.716 ; recall: 0.407
2019-03-18 07:38:10,280:INFO: Epoch 14/40
2019-03-18 07:38:10,506:INFO: - Train metrics: fn: 2.000 ; accuracy: 0.969 ; loss: 0.092 ; fp: 0.000 ; tp: 23.000
2019-03-18 07:38:10,529:INFO: - Eval metrics : accuracy: 0.781 ; f1score: 0.600 ; loss: 0.754 ; precision: 0.685 ; recall: 0.534
2019-03-18 07:38:10,844:INFO: Epoch 15/40
2019-03-18 07:38:11,069:INFO: - Train metrics: fn: 1.000 ; accuracy: 0.984 ; loss: 0.045 ; fp: 0.000 ; tp: 24.000
2019-03-18 07:38:11,092:INFO: - Eval metrics : accuracy: 0.734 ; f1score: 0.630 ; loss: 0.789 ; precision: 0.551 ; recall: 0.737
2019-03-18 07:38:11,628:INFO: - Found new best accuracy
2019-03-18 07:38:11,630:INFO: Epoch 16/40
2019-03-18 07:38:11,852:INFO: - Train metrics: fn: 0.000 ; accuracy: 0.938 ; loss: 0.156 ; fp: 4.000 ; tp: 25.000
2019-03-18 07:38:11,875:INFO: - Eval metrics : accuracy: 0.766 ; f1score: 0.591 ; loss: 0.635 ; precision: 0.637 ; recall: 0.551
2019-03-18 07:38:12,534:INFO: Epoch 17/40
2019-03-18 07:38:12,756:INFO: - Train metrics: fn: 0.000 ; accuracy: 0.984 ; loss: 0.123 ; fp: 1.000 ; tp: 25.000
2019-03-18 07:38:12,779:INFO: - Eval metrics : accuracy: 0.750 ; f1score: 0.634 ; loss: 0.929 ; precision: 0.576 ; recall: 0.703
2019-03-18 07:38:13,323:INFO: - Found new best accuracy
2019-03-18 07:38:13,324:INFO: Epoch 18/40
2019-03-18 07:38:13,556:INFO: - Train metrics: fn: 0.000 ; accuracy: 0.969 ; loss: 0.081 ; fp: 2.000 ; tp: 25.000
2019-03-18 07:38:13,579:INFO: - Eval metrics : accuracy: 0.724 ; f1score: 0.621 ; loss: 1.011 ; precision: 0.537 ; recall: 0.737
2019-03-18 07:38:14,397:INFO: Epoch 19/40
2019-03-18 07:38:14,621:INFO: - Train metrics: fn: 2.000 ; accuracy: 0.953 ; loss: 0.122 ; fp: 1.000 ; tp: 23.000
2019-03-18 07:38:14,645:INFO: - Eval metrics : accuracy: 0.792 ; f1score: 0.643 ; loss: 0.798 ; precision: 0.679 ; recall: 0.610
2019-03-18 07:38:15,199:INFO: - Found new best accuracy
2019-03-18 07:38:15,199:INFO: Epoch 20/40
2019-03-18 07:38:15,421:INFO: - Train metrics: fn: 0.000 ; accuracy: 1.000 ; loss: 0.043 ; fp: 0.000 ; tp: 25.000
2019-03-18 07:38:15,444:INFO: - Eval metrics : accuracy: 0.792 ; f1score: 0.633 ; loss: 0.914 ; precision: 0.690 ; recall: 0.585
2019-03-18 07:38:16,030:INFO: Epoch 21/40
2019-03-18 07:38:16,268:INFO: - Train metrics: fn: 1.000 ; accuracy: 0.984 ; loss: 0.039 ; fp: 0.000 ; tp: 24.000
2019-03-18 07:38:16,290:INFO: - Eval metrics : accuracy: 0.773 ; f1score: 0.648 ; loss: 0.911 ; precision: 0.620 ; recall: 0.678
2019-03-18 07:38:17,060:INFO: - Found new best accuracy
2019-03-18 07:38:17,060:INFO: Epoch 22/40
2019-03-18 07:38:17,284:INFO: - Train metrics: fn: 0.000 ; accuracy: 1.000 ; loss: 0.011 ; fp: 0.000 ; tp: 25.000
2019-03-18 07:38:17,307:INFO: - Eval metrics : accuracy: 0.786 ; f1score: 0.631 ; loss: 1.005 ; precision: 0.673 ; recall: 0.593
2019-03-18 07:38:18,147:INFO: Epoch 23/40
2019-03-18 07:38:18,368:INFO: - Train metrics: fn: 0.000 ; accuracy: 1.000 ; loss: 0.011 ; fp: 0.000 ; tp: 25.000
2019-03-18 07:38:18,391:INFO: - Eval metrics : accuracy: 0.753 ; f1score: 0.630 ; loss: 0.990 ; precision: 0.583 ; recall: 0.686
2019-03-18 07:38:18,721:INFO: Epoch 24/40
2019-03-18 07:38:18,941:INFO: - Train metrics: fn: 0.000 ; accuracy: 1.000 ; loss: 0.029 ; fp: 0.000 ; tp: 25.000
2019-03-18 07:38:18,964:INFO: - Eval metrics : accuracy: 0.750 ; f1score: 0.647 ; loss: 1.034 ; precision: 0.571 ; recall: 0.746
2019-03-18 07:38:19,460:INFO: Epoch 25/40
2019-03-18 07:38:19,684:INFO: - Train metrics: fn: 0.000 ; accuracy: 1.000 ; loss: 0.010 ; fp: 0.000 ; tp: 25.000
2019-03-18 07:38:19,707:INFO: - Eval metrics : accuracy: 0.784 ; f1score: 0.603 ; loss: 1.031 ; precision: 0.692 ; recall: 0.534
2019-03-18 07:38:20,022:INFO: Epoch 26/40
2019-03-18 07:38:20,247:INFO: - Train metrics: fn: 2.000 ; accuracy: 0.969 ; loss: 0.146 ; fp: 0.000 ; tp: 23.000
2019-03-18 07:38:20,271:INFO: - Eval metrics : accuracy: 0.758 ; f1score: 0.629 ; loss: 0.996 ; precision: 0.594 ; recall: 0.669
2019-03-18 07:38:20,588:INFO: Epoch 27/40
2019-03-18 07:38:20,810:INFO: - Train metrics: fn: 0.000 ; accuracy: 0.984 ; loss: 0.018 ; fp: 1.000 ; tp: 25.000
2019-03-18 07:38:20,833:INFO: - Eval metrics : accuracy: 0.784 ; f1score: 0.624 ; loss: 1.101 ; precision: 0.670 ; recall: 0.585
2019-03-18 07:38:21,157:INFO: Epoch 28/40
2019-03-18 07:38:21,378:INFO: - Train metrics: fn: 0.000 ; accuracy: 1.000 ; loss: 0.009 ; fp: 0.000 ; tp: 25.000
2019-03-18 07:38:21,401:INFO: - Eval metrics : accuracy: 0.755 ; f1score: 0.633 ; loss: 1.140 ; precision: 0.587 ; recall: 0.686
2019-03-18 07:38:21,752:INFO: Epoch 29/40
2019-03-18 07:38:21,983:INFO: - Train metrics: fn: 1.000 ; accuracy: 0.984 ; loss: 0.032 ; fp: 0.000 ; tp: 24.000
2019-03-18 07:38:22,006:INFO: - Eval metrics : accuracy: 0.771 ; f1score: 0.600 ; loss: 1.054 ; precision: 0.647 ; recall: 0.559
2019-03-18 07:38:22,481:INFO: Epoch 30/40
2019-03-18 07:38:22,704:INFO: - Train metrics: fn: 0.000 ; accuracy: 0.984 ; loss: 0.050 ; fp: 1.000 ; tp: 25.000
2019-03-18 07:38:22,727:INFO: - Eval metrics : accuracy: 0.766 ; f1score: 0.615 ; loss: 1.132 ; precision: 0.621 ; recall: 0.610
2019-03-18 07:38:23,027:INFO: Epoch 31/40
2019-03-18 07:38:23,250:INFO: - Train metrics: fn: 0.000 ; accuracy: 1.000 ; loss: 0.016 ; fp: 0.000 ; tp: 25.000
2019-03-18 07:38:23,273:INFO: - Eval metrics : accuracy: 0.766 ; f1score: 0.640 ; loss: 1.073 ; precision: 0.606 ; recall: 0.678
2019-03-18 07:38:23,601:INFO: Epoch 32/40
2019-03-18 07:38:23,827:INFO: - Train metrics: fn: 0.000 ; accuracy: 1.000 ; loss: 0.014 ; fp: 0.000 ; tp: 25.000
2019-03-18 07:38:23,849:INFO: - Eval metrics : accuracy: 0.784 ; f1score: 0.587 ; loss: 1.201 ; precision: 0.711 ; recall: 0.500
2019-03-18 07:38:24,156:INFO: Epoch 33/40
2019-03-18 07:38:24,380:INFO: - Train metrics: fn: 0.000 ; accuracy: 1.000 ; loss: 0.006 ; fp: 0.000 ; tp: 25.000
2019-03-18 07:38:24,403:INFO: - Eval metrics : accuracy: 0.786 ; f1score: 0.602 ; loss: 1.183 ; precision: 0.705 ; recall: 0.525
2019-03-18 07:38:24,897:INFO: Epoch 34/40
2019-03-18 07:38:25,119:INFO: - Train metrics: fn: 0.000 ; accuracy: 1.000 ; loss: 0.011 ; fp: 0.000 ; tp: 25.000
2019-03-18 07:38:25,142:INFO: - Eval metrics : accuracy: 0.789 ; f1score: 0.593 ; loss: 1.184 ; precision: 0.728 ; recall: 0.500
2019-03-18 07:38:25,462:INFO: Epoch 35/40
2019-03-18 07:38:25,689:INFO: - Train metrics: fn: 0.000 ; accuracy: 1.000 ; loss: 0.005 ; fp: 0.000 ; tp: 25.000
2019-03-18 07:38:25,711:INFO: - Eval metrics : accuracy: 0.760 ; f1score: 0.649 ; loss: 1.117 ; precision: 0.590 ; recall: 0.720
2019-03-18 07:38:26,071:INFO: - Found new best accuracy
2019-03-18 07:38:26,071:INFO: Epoch 36/40
2019-03-18 07:38:26,296:INFO: - Train metrics: fn: 0.000 ; accuracy: 0.969 ; loss: 0.085 ; fp: 2.000 ; tp: 25.000
2019-03-18 07:38:26,319:INFO: - Eval metrics : accuracy: 0.737 ; f1score: 0.607 ; loss: 1.020 ; precision: 0.561 ; recall: 0.661
2019-03-18 07:38:26,968:INFO: Epoch 37/40
2019-03-18 07:38:27,190:INFO: - Train metrics: fn: 0.000 ; accuracy: 1.000 ; loss: 0.020 ; fp: 0.000 ; tp: 25.000
2019-03-18 07:38:27,214:INFO: - Eval metrics : accuracy: 0.784 ; f1score: 0.595 ; loss: 1.097 ; precision: 0.701 ; recall: 0.517
2019-03-18 07:38:27,898:INFO: Epoch 38/40
2019-03-18 07:38:28,119:INFO: - Train metrics: fn: 1.000 ; accuracy: 0.984 ; loss: 0.083 ; fp: 0.000 ; tp: 24.000
2019-03-18 07:38:28,142:INFO: - Eval metrics : accuracy: 0.760 ; f1score: 0.610 ; loss: 0.960 ; precision: 0.610 ; recall: 0.610
2019-03-18 07:38:28,462:INFO: Epoch 39/40
2019-03-18 07:38:28,684:INFO: - Train metrics: fn: 0.000 ; accuracy: 1.000 ; loss: 0.003 ; fp: 0.000 ; tp: 25.000
2019-03-18 07:38:28,707:INFO: - Eval metrics : accuracy: 0.773 ; f1score: 0.576 ; loss: 1.146 ; precision: 0.678 ; recall: 0.500
2019-03-18 07:38:29,027:INFO: Epoch 40/40
2019-03-18 07:38:29,249:INFO: - Train metrics: fn: 2.000 ; accuracy: 0.969 ; loss: 0.067 ; fp: 0.000 ; tp: 23.000
2019-03-18 07:38:29,273:INFO: - Eval metrics : accuracy: 0.771 ; f1score: 0.537 ; loss: 1.165 ; precision: 0.708 ; recall: 0.432
2019-03-18 07:38:51,050:INFO: Loading the datasets...
2019-03-18 07:38:51,131:INFO: loading vocabulary file https://s3.amazonaws.com/models.huggingface.co/bert/bert-base-cased-vocab.txt from cache at /home/msingh9/.pytorch_pretrained_bert/5e8a2b4893d13790ed4150ca1906be5f7a03d6c4ddf62296c383f6db42814db2.e13dbb970cb325137104fb2e5f36fe865f27746c6b526f6352861b1980eb80b1
2019-03-18 07:38:51,173:INFO: - done.
2019-03-18 07:38:55,056:INFO: learning_rate => 0.001
2019-03-18 07:38:55,056:INFO: batch_size => 64
2019-03-18 07:38:55,056:INFO: defm_dropout_rate => 0.5
2019-03-18 07:38:55,056:INFO: Starting training for 40 epoch(s)
2019-03-18 07:38:55,056:INFO: Epoch 1/40
2019-03-18 07:38:55,400:INFO: - Train metrics: tp: 6.000 ; fp: 16.000 ; fn: 19.000 ; loss: 0.698 ; accuracy: 0.453
2019-03-18 07:38:55,430:INFO: - Eval metrics : accuracy: 0.695 ; f1score: 0.017 ; loss: 0.593 ; precision: 1.000 ; recall: 0.008
2019-03-18 07:38:55,783:INFO: - Found new best accuracy
2019-03-18 07:38:55,784:INFO: Epoch 2/40
2019-03-18 07:38:56,066:INFO: - Train metrics: tp: 0.000 ; fp: 0.000 ; fn: 25.000 ; loss: 0.631 ; accuracy: 0.609
2019-03-18 07:38:56,092:INFO: - Eval metrics : accuracy: 0.732 ; f1score: 0.443 ; loss: 0.533 ; precision: 0.612 ; recall: 0.347
2019-03-18 07:38:56,184:INFO: - Found new best accuracy
2019-03-18 07:38:56,184:INFO: Epoch 3/40
2019-03-18 07:38:56,437:INFO: - Train metrics: tp: 7.000 ; fp: 1.000 ; fn: 18.000 ; loss: 0.541 ; accuracy: 0.703
2019-03-18 07:38:56,461:INFO: - Eval metrics : accuracy: 0.755 ; f1score: 0.489 ; loss: 0.522 ; precision: 0.682 ; recall: 0.381
2019-03-18 07:38:57,533:INFO: - Found new best accuracy
2019-03-18 07:38:57,533:INFO: Epoch 4/40
2019-03-18 07:38:57,773:INFO: - Train metrics: tp: 7.000 ; fp: 1.000 ; fn: 18.000 ; loss: 0.504 ; accuracy: 0.703
2019-03-18 07:38:57,796:INFO: - Eval metrics : accuracy: 0.760 ; f1score: 0.531 ; loss: 0.494 ; precision: 0.667 ; recall: 0.441
2019-03-18 07:38:58,295:INFO: - Found new best accuracy
2019-03-18 07:38:58,295:INFO: Epoch 5/40
2019-03-18 07:38:58,520:INFO: - Train metrics: tp: 12.000 ; fp: 2.000 ; fn: 13.000 ; loss: 0.393 ; accuracy: 0.766
2019-03-18 07:38:58,543:INFO: - Eval metrics : accuracy: 0.755 ; f1score: 0.466 ; loss: 0.578 ; precision: 0.707 ; recall: 0.347
2019-03-18 07:38:59,052:INFO: Epoch 6/40
2019-03-18 07:38:59,277:INFO: - Train metrics: tp: 14.000 ; fp: 1.000 ; fn: 11.000 ; loss: 0.357 ; accuracy: 0.812
2019-03-18 07:38:59,300:INFO: - Eval metrics : accuracy: 0.784 ; f1score: 0.591 ; loss: 0.517 ; precision: 0.706 ; recall: 0.508
2019-03-18 07:39:00,026:INFO: - Found new best accuracy
2019-03-18 07:39:00,027:INFO: Epoch 7/40
2019-03-18 07:39:00,252:INFO: - Train metrics: tp: 21.000 ; fp: 1.000 ; fn: 4.000 ; loss: 0.216 ; accuracy: 0.922
2019-03-18 07:39:00,275:INFO: - Eval metrics : accuracy: 0.779 ; f1score: 0.555 ; loss: 0.596 ; precision: 0.726 ; recall: 0.449
2019-03-18 07:39:00,910:INFO: Epoch 8/40
2019-03-18 07:39:01,132:INFO: - Train metrics: tp: 24.000 ; fp: 0.000 ; fn: 1.000 ; loss: 0.134 ; accuracy: 0.984
2019-03-18 07:39:01,155:INFO: - Eval metrics : accuracy: 0.753 ; f1score: 0.599 ; loss: 0.593 ; precision: 0.597 ; recall: 0.602
2019-03-18 07:39:01,890:INFO: - Found new best accuracy
2019-03-18 07:39:01,891:INFO: Epoch 9/40
2019-03-18 07:39:02,120:INFO: - Train metrics: tp: 25.000 ; fp: 2.000 ; fn: 0.000 ; loss: 0.128 ; accuracy: 0.969
2019-03-18 07:39:02,143:INFO: - Eval metrics : accuracy: 0.755 ; f1score: 0.630 ; loss: 0.576 ; precision: 0.588 ; recall: 0.678
2019-03-18 07:39:03,167:INFO: - Found new best accuracy
2019-03-18 07:39:03,167:INFO: Epoch 10/40
2019-03-18 07:39:03,389:INFO: - Train metrics: tp: 24.000 ; fp: 1.000 ; fn: 1.000 ; loss: 0.134 ; accuracy: 0.969
2019-03-18 07:39:03,412:INFO: - Eval metrics : accuracy: 0.779 ; f1score: 0.573 ; loss: 0.642 ; precision: 0.704 ; recall: 0.483
2019-03-18 07:39:04,046:INFO: Epoch 11/40
2019-03-18 07:39:04,270:INFO: - Train metrics: tp: 19.000 ; fp: 0.000 ; fn: 6.000 ; loss: 0.188 ; accuracy: 0.906
2019-03-18 07:39:04,293:INFO: - Eval metrics : accuracy: 0.779 ; f1score: 0.622 ; loss: 0.638 ; precision: 0.654 ; recall: 0.593
2019-03-18 07:39:04,857:INFO: Epoch 12/40
2019-03-18 07:39:05,083:INFO: - Train metrics: tp: 24.000 ; fp: 1.000 ; fn: 1.000 ; loss: 0.114 ; accuracy: 0.969
2019-03-18 07:39:05,106:INFO: - Eval metrics : accuracy: 0.797 ; f1score: 0.614 ; loss: 0.714 ; precision: 0.738 ; recall: 0.525
2019-03-18 07:39:05,422:INFO: Epoch 13/40
2019-03-18 07:39:05,644:INFO: - Train metrics: tp: 23.000 ; fp: 0.000 ; fn: 2.000 ; loss: 0.106 ; accuracy: 0.969
2019-03-18 07:39:05,667:INFO: - Eval metrics : accuracy: 0.768 ; f1score: 0.519 ; loss: 0.875 ; precision: 0.716 ; recall: 0.407
2019-03-18 07:39:05,989:INFO: Epoch 14/40
2019-03-18 07:39:06,221:INFO: - Train metrics: tp: 23.000 ; fp: 0.000 ; fn: 2.000 ; loss: 0.092 ; accuracy: 0.969
2019-03-18 07:39:06,244:INFO: - Eval metrics : accuracy: 0.781 ; f1score: 0.600 ; loss: 0.754 ; precision: 0.685 ; recall: 0.534
2019-03-18 07:39:06,734:INFO: Epoch 15/40
2019-03-18 07:39:06,958:INFO: - Train metrics: tp: 24.000 ; fp: 0.000 ; fn: 1.000 ; loss: 0.045 ; accuracy: 0.984
2019-03-18 07:39:06,982:INFO: - Eval metrics : accuracy: 0.737 ; f1score: 0.633 ; loss: 0.789 ; precision: 0.554 ; recall: 0.737
2019-03-18 07:39:07,333:INFO: - Found new best accuracy
2019-03-18 07:39:07,334:INFO: Epoch 16/40
2019-03-18 07:39:07,558:INFO: - Train metrics: tp: 25.000 ; fp: 4.000 ; fn: 0.000 ; loss: 0.156 ; accuracy: 0.938
2019-03-18 07:39:07,581:INFO: - Eval metrics : accuracy: 0.768 ; f1score: 0.597 ; loss: 0.636 ; precision: 0.641 ; recall: 0.559
2019-03-18 07:39:08,359:INFO: Epoch 17/40
2019-03-18 07:39:08,579:INFO: - Train metrics: tp: 25.000 ; fp: 1.000 ; fn: 0.000 ; loss: 0.123 ; accuracy: 0.984
2019-03-18 07:39:08,604:INFO: - Eval metrics : accuracy: 0.747 ; f1score: 0.631 ; loss: 0.931 ; precision: 0.572 ; recall: 0.703
2019-03-18 07:39:08,989:INFO: Epoch 18/40
2019-03-18 07:39:09,208:INFO: - Train metrics: tp: 25.000 ; fp: 2.000 ; fn: 0.000 ; loss: 0.082 ; accuracy: 0.969
2019-03-18 07:39:09,231:INFO: - Eval metrics : accuracy: 0.721 ; f1score: 0.616 ; loss: 0.999 ; precision: 0.534 ; recall: 0.729
2019-03-18 07:39:09,731:INFO: Epoch 19/40
2019-03-18 07:39:09,961:INFO: - Train metrics: tp: 23.000 ; fp: 1.000 ; fn: 2.000 ; loss: 0.120 ; accuracy: 0.953
2019-03-18 07:39:09,984:INFO: - Eval metrics : accuracy: 0.789 ; f1score: 0.643 ; loss: 0.797 ; precision: 0.670 ; recall: 0.619
2019-03-18 07:39:10,336:INFO: - Found new best accuracy
2019-03-18 07:39:10,336:INFO: Epoch 20/40
2019-03-18 07:39:10,563:INFO: - Train metrics: tp: 25.000 ; fp: 0.000 ; fn: 0.000 ; loss: 0.042 ; accuracy: 1.000
2019-03-18 07:39:10,587:INFO: - Eval metrics : accuracy: 0.789 ; f1score: 0.627 ; loss: 0.908 ; precision: 0.687 ; recall: 0.576
2019-03-18 07:39:11,050:INFO: Epoch 21/40
2019-03-18 07:39:11,271:INFO: - Train metrics: tp: 24.000 ; fp: 0.000 ; fn: 1.000 ; loss: 0.043 ; accuracy: 0.984
2019-03-18 07:39:11,294:INFO: - Eval metrics : accuracy: 0.784 ; f1score: 0.661 ; loss: 0.912 ; precision: 0.638 ; recall: 0.686
2019-03-18 07:39:12,207:INFO: - Found new best accuracy
2019-03-18 07:39:12,208:INFO: Epoch 22/40
2019-03-18 07:39:12,431:INFO: - Train metrics: tp: 25.000 ; fp: 0.000 ; fn: 0.000 ; loss: 0.008 ; accuracy: 1.000
2019-03-18 07:39:12,453:INFO: - Eval metrics : accuracy: 0.781 ; f1score: 0.622 ; loss: 0.994 ; precision: 0.663 ; recall: 0.585
2019-03-18 07:39:12,921:INFO: Epoch 23/40
2019-03-18 07:39:13,142:INFO: - Train metrics: tp: 25.000 ; fp: 0.000 ; fn: 0.000 ; loss: 0.011 ; accuracy: 1.000
2019-03-18 07:39:13,165:INFO: - Eval metrics : accuracy: 0.747 ; f1score: 0.623 ; loss: 0.972 ; precision: 0.576 ; recall: 0.678
2019-03-18 07:39:13,859:INFO: Epoch 24/40
2019-03-18 07:39:14,081:INFO: - Train metrics: tp: 25.000 ; fp: 0.000 ; fn: 0.000 ; loss: 0.029 ; accuracy: 1.000
2019-03-18 07:39:14,104:INFO: - Eval metrics : accuracy: 0.755 ; f1score: 0.652 ; loss: 1.024 ; precision: 0.579 ; recall: 0.746
2019-03-18 07:39:14,425:INFO: Epoch 25/40
2019-03-18 07:39:14,648:INFO: - Train metrics: tp: 25.000 ; fp: 0.000 ; fn: 0.000 ; loss: 0.016 ; accuracy: 1.000
2019-03-18 07:39:14,671:INFO: - Eval metrics : accuracy: 0.781 ; f1score: 0.611 ; loss: 1.001 ; precision: 0.673 ; recall: 0.559
2019-03-18 07:39:15,165:INFO: Epoch 26/40
2019-03-18 07:39:15,393:INFO: - Train metrics: tp: 23.000 ; fp: 0.000 ; fn: 2.000 ; loss: 0.116 ; accuracy: 0.969
2019-03-18 07:39:15,416:INFO: - Eval metrics : accuracy: 0.755 ; f1score: 0.608 ; loss: 0.967 ; precision: 0.598 ; recall: 0.619
2019-03-18 07:39:15,729:INFO: Epoch 27/40
2019-03-18 07:39:15,953:INFO: - Train metrics: tp: 25.000 ; fp: 0.000 ; fn: 0.000 ; loss: 0.017 ; accuracy: 1.000
2019-03-18 07:39:15,975:INFO: - Eval metrics : accuracy: 0.779 ; f1score: 0.597 ; loss: 1.101 ; precision: 0.677 ; recall: 0.534
2019-03-18 07:39:16,304:INFO: Epoch 28/40
2019-03-18 07:39:16,533:INFO: - Train metrics: tp: 24.000 ; fp: 0.000 ; fn: 1.000 ; loss: 0.023 ; accuracy: 0.984
2019-03-18 07:39:16,556:INFO: - Eval metrics : accuracy: 0.760 ; f1score: 0.659 ; loss: 1.138 ; precision: 0.586 ; recall: 0.754
2019-03-18 07:39:16,862:INFO: Epoch 29/40
2019-03-18 07:39:17,098:INFO: - Train metrics: tp: 24.000 ; fp: 0.000 ; fn: 1.000 ; loss: 0.045 ; accuracy: 0.984
2019-03-18 07:39:17,121:INFO: - Eval metrics : accuracy: 0.776 ; f1score: 0.626 ; loss: 1.042 ; precision: 0.643 ; recall: 0.610
2019-03-18 07:39:17,602:INFO: Epoch 30/40
2019-03-18 07:39:17,827:INFO: - Train metrics: tp: 25.000 ; fp: 1.000 ; fn: 0.000 ; loss: 0.055 ; accuracy: 0.984
2019-03-18 07:39:17,850:INFO: - Eval metrics : accuracy: 0.763 ; f1score: 0.619 ; loss: 1.138 ; precision: 0.612 ; recall: 0.627
2019-03-18 07:39:18,166:INFO: Epoch 31/40
2019-03-18 07:39:18,391:INFO: - Train metrics: tp: 25.000 ; fp: 0.000 ; fn: 0.000 ; loss: 0.014 ; accuracy: 1.000
2019-03-18 07:39:18,414:INFO: - Eval metrics : accuracy: 0.753 ; f1score: 0.612 ; loss: 1.087 ; precision: 0.591 ; recall: 0.636
2019-03-18 07:39:18,748:INFO: Epoch 32/40
2019-03-18 07:39:18,972:INFO: - Train metrics: tp: 25.000 ; fp: 0.000 ; fn: 0.000 ; loss: 0.011 ; accuracy: 1.000
2019-03-18 07:39:18,995:INFO: - Eval metrics : accuracy: 0.773 ; f1score: 0.558 ; loss: 1.176 ; precision: 0.696 ; recall: 0.466
2019-03-18 07:39:19,312:INFO: Epoch 33/40
2019-03-18 07:39:19,535:INFO: - Train metrics: tp: 25.000 ; fp: 0.000 ; fn: 0.000 ; loss: 0.018 ; accuracy: 1.000
2019-03-18 07:39:19,558:INFO: - Eval metrics : accuracy: 0.781 ; f1score: 0.588 ; loss: 1.198 ; precision: 0.698 ; recall: 0.508
2019-03-18 07:39:19,878:INFO: Epoch 34/40
2019-03-18 07:39:20,102:INFO: - Train metrics: tp: 25.000 ; fp: 0.000 ; fn: 0.000 ; loss: 0.002 ; accuracy: 1.000
2019-03-18 07:39:20,124:INFO: - Eval metrics : accuracy: 0.794 ; f1score: 0.633 ; loss: 1.235 ; precision: 0.701 ; recall: 0.576
2019-03-18 07:39:20,619:INFO: Epoch 35/40
2019-03-18 07:39:20,846:INFO: - Train metrics: tp: 25.000 ; fp: 0.000 ; fn: 0.000 ; loss: 0.004 ; accuracy: 1.000
2019-03-18 07:39:20,868:INFO: - Eval metrics : accuracy: 0.753 ; f1score: 0.592 ; loss: 1.093 ; precision: 0.600 ; recall: 0.585
2019-03-18 07:39:21,190:INFO: Epoch 36/40
2019-03-18 07:39:21,412:INFO: - Train metrics: tp: 25.000 ; fp: 2.000 ; fn: 0.000 ; loss: 0.068 ; accuracy: 0.969
2019-03-18 07:39:21,436:INFO: - Eval metrics : accuracy: 0.716 ; f1score: 0.579 ; loss: 1.118 ; precision: 0.532 ; recall: 0.636
2019-03-18 07:39:21,751:INFO: Epoch 37/40
2019-03-18 07:39:21,984:INFO: - Train metrics: tp: 25.000 ; fp: 0.000 ; fn: 0.000 ; loss: 0.014 ; accuracy: 1.000
2019-03-18 07:39:22,007:INFO: - Eval metrics : accuracy: 0.784 ; f1score: 0.587 ; loss: 1.134 ; precision: 0.711 ; recall: 0.500
2019-03-18 07:39:22,313:INFO: Epoch 38/40
2019-03-18 07:39:22,533:INFO: - Train metrics: tp: 23.000 ; fp: 0.000 ; fn: 2.000 ; loss: 0.149 ; accuracy: 0.969
2019-03-18 07:39:22,557:INFO: - Eval metrics : accuracy: 0.784 ; f1score: 0.634 ; loss: 1.110 ; precision: 0.661 ; recall: 0.610
2019-03-18 07:39:23,061:INFO: Epoch 39/40
2019-03-18 07:39:23,286:INFO: - Train metrics: tp: 25.000 ; fp: 0.000 ; fn: 0.000 ; loss: 0.004 ; accuracy: 1.000
2019-03-18 07:39:23,309:INFO: - Eval metrics : accuracy: 0.773 ; f1score: 0.595 ; loss: 1.131 ; precision: 0.660 ; recall: 0.542
2019-03-18 07:39:23,617:INFO: Epoch 40/40
2019-03-18 07:39:23,841:INFO: - Train metrics: tp: 23.000 ; fp: 0.000 ; fn: 2.000 ; loss: 0.057 ; accuracy: 0.969
2019-03-18 07:39:23,864:INFO: - Eval metrics : accuracy: 0.768 ; f1score: 0.604 ; loss: 1.030 ; precision: 0.636 ; recall: 0.576
