2019-03-19 07:51:48,705:INFO: Loading the datasets...
2019-03-19 07:51:48,857:INFO: loading vocabulary file https://s3.amazonaws.com/models.huggingface.co/bert/bert-base-cased-vocab.txt from cache at /home/msingh9/.pytorch_pretrained_bert/5e8a2b4893d13790ed4150ca1906be5f7a03d6c4ddf62296c383f6db42814db2.e13dbb970cb325137104fb2e5f36fe865f27746c6b526f6352861b1980eb80b1
2019-03-19 07:51:49,312:INFO: - done.
2019-03-19 07:51:49,337:INFO: loading archive file https://s3.amazonaws.com/models.huggingface.co/bert/bert-base-cased.tar.gz from cache at /home/msingh9/.pytorch_pretrained_bert/a803ce83ca27fecf74c355673c434e51c265fb8a3e0e57ac62a80e38ba98d384.681017f415dfb33ec8d0e04fe51a619f3f01532ecea04edbfd48c5d160550d9c
2019-03-19 07:51:49,337:INFO: extracting archive file /home/msingh9/.pytorch_pretrained_bert/a803ce83ca27fecf74c355673c434e51c265fb8a3e0e57ac62a80e38ba98d384.681017f415dfb33ec8d0e04fe51a619f3f01532ecea04edbfd48c5d160550d9c to temp dir /tmp/tmpntv68u09
2019-03-19 07:51:52,900:INFO: Model config {
  "attention_probs_dropout_prob": 0.1,
  "hidden_act": "gelu",
  "hidden_dropout_prob": 0.1,
  "hidden_size": 768,
  "initializer_range": 0.02,
  "intermediate_size": 3072,
  "max_position_embeddings": 512,
  "num_attention_heads": 12,
  "num_hidden_layers": 12,
  "type_vocab_size": 2,
  "vocab_size": 28996
}

2019-03-19 07:51:59,858:INFO: learning_rate => 1e-06
2019-03-19 07:51:59,858:INFO: batch_size => 8
2019-03-19 07:51:59,859:INFO: defm_dropout_rate => 0.5
2019-03-19 07:51:59,859:INFO: Starting training for 2 epoch(s)
2019-03-19 07:51:59,859:INFO: Epoch 1/2
2019-03-19 08:30:28,086:INFO: - Train metrics: accuracy: 0.889 ; loss: 0.319 ; fn: 0.663 ; tp: 0.313 ; fp: 0.229
2019-03-19 08:32:05,164:INFO: - Eval metrics : accuracy: 0.912 ; f1score: 0.597 ; loss: 0.239 ; precision: 0.683 ; recall: 0.531
2019-03-19 08:32:07,373:INFO: - Found new best accuracy
2019-03-19 08:32:07,373:INFO: Epoch 2/2
2019-03-19 09:10:30,041:INFO: - Train metrics: accuracy: 0.908 ; loss: 0.256 ; fn: 0.506 ; tp: 0.470 ; fp: 0.229
2019-03-19 09:12:07,487:INFO: - Eval metrics : accuracy: 0.915 ; f1score: 0.612 ; loss: 0.237 ; precision: 0.698 ; recall: 0.544
2019-03-19 09:12:43,455:INFO: - Found new best accuracy
